2021-01-05 20:01:41.200 [main] INFO  com.example.boot.BootApplication -Starting BootApplication using Java 1.8.0_202 on DESKTOP-LP506VF with PID 9376 (D:\eclipse-workspace\boot\target\classes started by alive in D:\eclipse-workspace\boot)
2021-01-05 20:01:41.204 [main] INFO  com.example.boot.BootApplication -No active profile set, falling back to default profiles: default
2021-01-05 20:01:41.840 [main] WARN  org.mybatis.spring.mapper.ClassPathMapperScanner -No MyBatis mapper was found in '[com.example.boot]' package. Please check your configuration.
2021-01-05 20:01:42.551 [main] INFO  o.s.boot.web.embedded.tomcat.TomcatWebServer -Tomcat initialized with port(s): 8080 (http)
2021-01-05 20:01:42.563 [main] INFO  org.apache.catalina.core.StandardService -Starting service [Tomcat]
2021-01-05 20:01:42.564 [main] INFO  org.apache.catalina.core.StandardEngine -Starting Servlet engine: [Apache Tomcat/9.0.39]
2021-01-05 20:01:42.654 [main] INFO  o.a.c.core.ContainerBase.[Tomcat].[localhost].[/] -Initializing Spring embedded WebApplicationContext
2021-01-05 20:01:42.654 [main] INFO  o.s.b.w.s.c.ServletWebServerApplicationContext -Root WebApplicationContext: initialization completed in 1388 ms
2021-01-05 20:01:43.743 [main] INFO  o.s.scheduling.concurrent.ThreadPoolTaskExecutor -Initializing ExecutorService 'applicationTaskExecutor'
2021-01-05 20:01:43.949 [main] INFO  t.mybatis.mapper.autoconfigure.MapperCacheDisabler -Clear tk.mybatis.mapper.util.MsUtil CLASS_CACHE cache.
2021-01-05 20:01:43.950 [main] INFO  t.mybatis.mapper.autoconfigure.MapperCacheDisabler -Clear tk.mybatis.mapper.genid.GenIdUtil CACHE cache.
2021-01-05 20:01:43.951 [main] INFO  t.mybatis.mapper.autoconfigure.MapperCacheDisabler -Clear tk.mybatis.mapper.version.VersionUtil CACHE cache.
2021-01-05 20:01:43.951 [main] INFO  t.mybatis.mapper.autoconfigure.MapperCacheDisabler -Clear EntityHelper entityTableMap cache.
2021-01-05 20:01:44.177 [main] INFO  o.s.boot.web.embedded.tomcat.TomcatWebServer -Tomcat started on port(s): 8080 (http) with context path ''
2021-01-05 20:01:44.180 [main] INFO  o.s.a.rabbit.connection.CachingConnectionFactory -Attempting to connect to: [192.168.22.100:5672]
2021-01-05 20:01:57.408 [http-nio-8080-exec-1] INFO  o.a.c.core.ContainerBase.[Tomcat].[localhost].[/] -Initializing Spring DispatcherServlet 'dispatcherServlet'
2021-01-05 20:01:57.409 [http-nio-8080-exec-1] INFO  org.springframework.web.servlet.DispatcherServlet -Initializing Servlet 'dispatcherServlet'
2021-01-05 20:01:57.410 [http-nio-8080-exec-1] INFO  org.springframework.web.servlet.DispatcherServlet -Completed initialization in 1 ms
2021-01-05 20:02:05.202 [main] INFO  o.s.a.r.listener.SimpleMessageListenerContainer -Broker not available; cannot force queue declarations during start: java.net.ConnectException: Connection timed out: connect
2021-01-05 20:02:05.202 [http-nio-8080-exec-1] INFO  o.s.a.rabbit.connection.CachingConnectionFactory -Attempting to connect to: [192.168.22.100:5672]
2021-01-05 20:02:26.216 [http-nio-8080-exec-2] INFO  o.s.a.rabbit.connection.CachingConnectionFactory -Attempting to connect to: [192.168.22.100:5672]
2021-01-05 20:02:26.229 [http-nio-8080-exec-1] ERROR c.example.boot.base.exception.ExceptionBaseHandler -未知异常
org.springframework.amqp.AmqpConnectException: java.net.ConnectException: Connection timed out: connect
	at org.springframework.amqp.rabbit.support.RabbitExceptionTranslator.convertRabbitAccessException(RabbitExceptionTranslator.java:61)
	at org.springframework.amqp.rabbit.connection.AbstractConnectionFactory.createBareConnection(AbstractConnectionFactory.java:563)
	at org.springframework.amqp.rabbit.connection.CachingConnectionFactory.createConnection(CachingConnectionFactory.java:751)
	at org.springframework.amqp.rabbit.connection.ConnectionFactoryUtils.createConnection(ConnectionFactoryUtils.java:214)
	at org.springframework.amqp.rabbit.core.RabbitTemplate.doExecute(RabbitTemplate.java:2128)
	at org.springframework.amqp.rabbit.core.RabbitTemplate.execute(RabbitTemplate.java:2101)
	at org.springframework.amqp.rabbit.core.RabbitTemplate.send(RabbitTemplate.java:1049)
	at org.springframework.amqp.rabbit.core.RabbitTemplate.convertAndSend(RabbitTemplate.java:1114)
	at com.example.boot.web.MessageController.test(MessageController.java:30)
	at sun.reflect.NativeMethodAccessorImpl.invoke0(Native Method)
	at sun.reflect.NativeMethodAccessorImpl.invoke(Unknown Source)
	at sun.reflect.DelegatingMethodAccessorImpl.invoke(Unknown Source)
	at java.lang.reflect.Method.invoke(Unknown Source)
	at org.springframework.web.method.support.InvocableHandlerMethod.doInvoke(InvocableHandlerMethod.java:197)
	at org.springframework.web.method.support.InvocableHandlerMethod.invokeForRequest(InvocableHandlerMethod.java:141)
	at org.springframework.web.servlet.mvc.method.annotation.ServletInvocableHandlerMethod.invokeAndHandle(ServletInvocableHandlerMethod.java:106)
	at org.springframework.web.servlet.mvc.method.annotation.RequestMappingHandlerAdapter.invokeHandlerMethod(RequestMappingHandlerAdapter.java:893)
	at org.springframework.web.servlet.mvc.method.annotation.RequestMappingHandlerAdapter.handleInternal(RequestMappingHandlerAdapter.java:807)
	at org.springframework.web.servlet.mvc.method.AbstractHandlerMethodAdapter.handle(AbstractHandlerMethodAdapter.java:87)
	at org.springframework.web.servlet.DispatcherServlet.doDispatch(DispatcherServlet.java:1061)
	at org.springframework.web.servlet.DispatcherServlet.doService(DispatcherServlet.java:961)
	at org.springframework.web.servlet.FrameworkServlet.processRequest(FrameworkServlet.java:1006)
	at org.springframework.web.servlet.FrameworkServlet.doGet(FrameworkServlet.java:898)
	at javax.servlet.http.HttpServlet.service(HttpServlet.java:626)
	at org.springframework.web.servlet.FrameworkServlet.service(FrameworkServlet.java:883)
	at javax.servlet.http.HttpServlet.service(HttpServlet.java:733)
	at org.apache.catalina.core.ApplicationFilterChain.internalDoFilter(ApplicationFilterChain.java:231)
	at org.apache.catalina.core.ApplicationFilterChain.doFilter(ApplicationFilterChain.java:166)
	at org.apache.tomcat.websocket.server.WsFilter.doFilter(WsFilter.java:53)
	at org.apache.catalina.core.ApplicationFilterChain.internalDoFilter(ApplicationFilterChain.java:193)
	at org.apache.catalina.core.ApplicationFilterChain.doFilter(ApplicationFilterChain.java:166)
	at org.springframework.web.filter.RequestContextFilter.doFilterInternal(RequestContextFilter.java:100)
	at org.springframework.web.filter.OncePerRequestFilter.doFilter(OncePerRequestFilter.java:119)
	at org.apache.catalina.core.ApplicationFilterChain.internalDoFilter(ApplicationFilterChain.java:193)
	at org.apache.catalina.core.ApplicationFilterChain.doFilter(ApplicationFilterChain.java:166)
	at org.springframework.web.filter.FormContentFilter.doFilterInternal(FormContentFilter.java:93)
	at org.springframework.web.filter.OncePerRequestFilter.doFilter(OncePerRequestFilter.java:119)
	at org.apache.catalina.core.ApplicationFilterChain.internalDoFilter(ApplicationFilterChain.java:193)
	at org.apache.catalina.core.ApplicationFilterChain.doFilter(ApplicationFilterChain.java:166)
	at org.springframework.web.filter.CharacterEncodingFilter.doFilterInternal(CharacterEncodingFilter.java:201)
	at org.springframework.web.filter.OncePerRequestFilter.doFilter(OncePerRequestFilter.java:119)
	at org.apache.catalina.core.ApplicationFilterChain.internalDoFilter(ApplicationFilterChain.java:193)
	at org.apache.catalina.core.ApplicationFilterChain.doFilter(ApplicationFilterChain.java:166)
	at org.apache.catalina.core.StandardWrapperValve.invoke(StandardWrapperValve.java:202)
	at org.apache.catalina.core.StandardContextValve.invoke(StandardContextValve.java:97)
	at org.apache.catalina.authenticator.AuthenticatorBase.invoke(AuthenticatorBase.java:542)
	at org.apache.catalina.core.StandardHostValve.invoke(StandardHostValve.java:143)
	at org.apache.catalina.valves.ErrorReportValve.invoke(ErrorReportValve.java:92)
	at org.apache.catalina.core.StandardEngineValve.invoke(StandardEngineValve.java:78)
	at org.apache.catalina.connector.CoyoteAdapter.service(CoyoteAdapter.java:343)
	at org.apache.coyote.http11.Http11Processor.service(Http11Processor.java:374)
	at org.apache.coyote.AbstractProcessorLight.process(AbstractProcessorLight.java:65)
	at org.apache.coyote.AbstractProtocol$ConnectionHandler.process(AbstractProtocol.java:868)
	at org.apache.tomcat.util.net.NioEndpoint$SocketProcessor.doRun(NioEndpoint.java:1590)
	at org.apache.tomcat.util.net.SocketProcessorBase.run(SocketProcessorBase.java:49)
	at java.util.concurrent.ThreadPoolExecutor.runWorker(Unknown Source)
	at java.util.concurrent.ThreadPoolExecutor$Worker.run(Unknown Source)
	at org.apache.tomcat.util.threads.TaskThread$WrappingRunnable.run(TaskThread.java:61)
	at java.lang.Thread.run(Unknown Source)
Caused by: java.net.ConnectException: Connection timed out: connect
	at java.net.DualStackPlainSocketImpl.waitForConnect(Native Method)
	at java.net.DualStackPlainSocketImpl.socketConnect(Unknown Source)
	at java.net.AbstractPlainSocketImpl.doConnect(Unknown Source)
	at java.net.AbstractPlainSocketImpl.connectToAddress(Unknown Source)
	at java.net.AbstractPlainSocketImpl.connect(Unknown Source)
	at java.net.PlainSocketImpl.connect(Unknown Source)
	at java.net.SocksSocketImpl.connect(Unknown Source)
	at java.net.Socket.connect(Unknown Source)
	at com.rabbitmq.client.impl.SocketFrameHandlerFactory.create(SocketFrameHandlerFactory.java:60)
	at com.rabbitmq.client.ConnectionFactory.newConnection(ConnectionFactory.java:1137)
	at com.rabbitmq.client.ConnectionFactory.newConnection(ConnectionFactory.java:1087)
	at org.springframework.amqp.rabbit.connection.AbstractConnectionFactory.connectAddresses(AbstractConnectionFactory.java:599)
	at org.springframework.amqp.rabbit.connection.AbstractConnectionFactory.connect(AbstractConnectionFactory.java:574)
	at org.springframework.amqp.rabbit.connection.AbstractConnectionFactory.createBareConnection(AbstractConnectionFactory.java:526)
	... 57 common frames omitted
2021-01-05 20:02:47.230 [org.springframework.amqp.rabbit.RabbitListenerEndpointContainer#0-1] INFO  o.s.a.rabbit.connection.CachingConnectionFactory -Attempting to connect to: [192.168.22.100:5672]
2021-01-05 20:02:47.230 [http-nio-8080-exec-2] ERROR c.example.boot.base.exception.ExceptionBaseHandler -未知异常
org.springframework.amqp.AmqpConnectException: java.net.ConnectException: Connection timed out: connect
	at org.springframework.amqp.rabbit.support.RabbitExceptionTranslator.convertRabbitAccessException(RabbitExceptionTranslator.java:61)
	at org.springframework.amqp.rabbit.connection.AbstractConnectionFactory.createBareConnection(AbstractConnectionFactory.java:563)
	at org.springframework.amqp.rabbit.connection.CachingConnectionFactory.createConnection(CachingConnectionFactory.java:751)
	at org.springframework.amqp.rabbit.connection.ConnectionFactoryUtils.createConnection(ConnectionFactoryUtils.java:214)
	at org.springframework.amqp.rabbit.core.RabbitTemplate.doExecute(RabbitTemplate.java:2128)
	at org.springframework.amqp.rabbit.core.RabbitTemplate.execute(RabbitTemplate.java:2101)
	at org.springframework.amqp.rabbit.core.RabbitTemplate.send(RabbitTemplate.java:1049)
	at org.springframework.amqp.rabbit.core.RabbitTemplate.convertAndSend(RabbitTemplate.java:1114)
	at com.example.boot.web.MessageController.test(MessageController.java:30)
	at sun.reflect.NativeMethodAccessorImpl.invoke0(Native Method)
	at sun.reflect.NativeMethodAccessorImpl.invoke(Unknown Source)
	at sun.reflect.DelegatingMethodAccessorImpl.invoke(Unknown Source)
	at java.lang.reflect.Method.invoke(Unknown Source)
	at org.springframework.web.method.support.InvocableHandlerMethod.doInvoke(InvocableHandlerMethod.java:197)
	at org.springframework.web.method.support.InvocableHandlerMethod.invokeForRequest(InvocableHandlerMethod.java:141)
	at org.springframework.web.servlet.mvc.method.annotation.ServletInvocableHandlerMethod.invokeAndHandle(ServletInvocableHandlerMethod.java:106)
	at org.springframework.web.servlet.mvc.method.annotation.RequestMappingHandlerAdapter.invokeHandlerMethod(RequestMappingHandlerAdapter.java:893)
	at org.springframework.web.servlet.mvc.method.annotation.RequestMappingHandlerAdapter.handleInternal(RequestMappingHandlerAdapter.java:807)
	at org.springframework.web.servlet.mvc.method.AbstractHandlerMethodAdapter.handle(AbstractHandlerMethodAdapter.java:87)
	at org.springframework.web.servlet.DispatcherServlet.doDispatch(DispatcherServlet.java:1061)
	at org.springframework.web.servlet.DispatcherServlet.doService(DispatcherServlet.java:961)
	at org.springframework.web.servlet.FrameworkServlet.processRequest(FrameworkServlet.java:1006)
	at org.springframework.web.servlet.FrameworkServlet.doGet(FrameworkServlet.java:898)
	at javax.servlet.http.HttpServlet.service(HttpServlet.java:626)
	at org.springframework.web.servlet.FrameworkServlet.service(FrameworkServlet.java:883)
	at javax.servlet.http.HttpServlet.service(HttpServlet.java:733)
	at org.apache.catalina.core.ApplicationFilterChain.internalDoFilter(ApplicationFilterChain.java:231)
	at org.apache.catalina.core.ApplicationFilterChain.doFilter(ApplicationFilterChain.java:166)
	at org.apache.tomcat.websocket.server.WsFilter.doFilter(WsFilter.java:53)
	at org.apache.catalina.core.ApplicationFilterChain.internalDoFilter(ApplicationFilterChain.java:193)
	at org.apache.catalina.core.ApplicationFilterChain.doFilter(ApplicationFilterChain.java:166)
	at org.springframework.web.filter.RequestContextFilter.doFilterInternal(RequestContextFilter.java:100)
	at org.springframework.web.filter.OncePerRequestFilter.doFilter(OncePerRequestFilter.java:119)
	at org.apache.catalina.core.ApplicationFilterChain.internalDoFilter(ApplicationFilterChain.java:193)
	at org.apache.catalina.core.ApplicationFilterChain.doFilter(ApplicationFilterChain.java:166)
	at org.springframework.web.filter.FormContentFilter.doFilterInternal(FormContentFilter.java:93)
	at org.springframework.web.filter.OncePerRequestFilter.doFilter(OncePerRequestFilter.java:119)
	at org.apache.catalina.core.ApplicationFilterChain.internalDoFilter(ApplicationFilterChain.java:193)
	at org.apache.catalina.core.ApplicationFilterChain.doFilter(ApplicationFilterChain.java:166)
	at org.springframework.web.filter.CharacterEncodingFilter.doFilterInternal(CharacterEncodingFilter.java:201)
	at org.springframework.web.filter.OncePerRequestFilter.doFilter(OncePerRequestFilter.java:119)
	at org.apache.catalina.core.ApplicationFilterChain.internalDoFilter(ApplicationFilterChain.java:193)
	at org.apache.catalina.core.ApplicationFilterChain.doFilter(ApplicationFilterChain.java:166)
	at org.apache.catalina.core.StandardWrapperValve.invoke(StandardWrapperValve.java:202)
	at org.apache.catalina.core.StandardContextValve.invoke(StandardContextValve.java:97)
	at org.apache.catalina.authenticator.AuthenticatorBase.invoke(AuthenticatorBase.java:542)
	at org.apache.catalina.core.StandardHostValve.invoke(StandardHostValve.java:143)
	at org.apache.catalina.valves.ErrorReportValve.invoke(ErrorReportValve.java:92)
	at org.apache.catalina.core.StandardEngineValve.invoke(StandardEngineValve.java:78)
	at org.apache.catalina.connector.CoyoteAdapter.service(CoyoteAdapter.java:343)
	at org.apache.coyote.http11.Http11Processor.service(Http11Processor.java:374)
	at org.apache.coyote.AbstractProcessorLight.process(AbstractProcessorLight.java:65)
	at org.apache.coyote.AbstractProtocol$ConnectionHandler.process(AbstractProtocol.java:868)
	at org.apache.tomcat.util.net.NioEndpoint$SocketProcessor.doRun(NioEndpoint.java:1590)
	at org.apache.tomcat.util.net.SocketProcessorBase.run(SocketProcessorBase.java:49)
	at java.util.concurrent.ThreadPoolExecutor.runWorker(Unknown Source)
	at java.util.concurrent.ThreadPoolExecutor$Worker.run(Unknown Source)
	at org.apache.tomcat.util.threads.TaskThread$WrappingRunnable.run(TaskThread.java:61)
	at java.lang.Thread.run(Unknown Source)
Caused by: java.net.ConnectException: Connection timed out: connect
	at java.net.DualStackPlainSocketImpl.waitForConnect(Native Method)
	at java.net.DualStackPlainSocketImpl.socketConnect(Unknown Source)
	at java.net.AbstractPlainSocketImpl.doConnect(Unknown Source)
	at java.net.AbstractPlainSocketImpl.connectToAddress(Unknown Source)
	at java.net.AbstractPlainSocketImpl.connect(Unknown Source)
	at java.net.PlainSocketImpl.connect(Unknown Source)
	at java.net.SocksSocketImpl.connect(Unknown Source)
	at java.net.Socket.connect(Unknown Source)
	at com.rabbitmq.client.impl.SocketFrameHandlerFactory.create(SocketFrameHandlerFactory.java:60)
	at com.rabbitmq.client.ConnectionFactory.newConnection(ConnectionFactory.java:1137)
	at com.rabbitmq.client.ConnectionFactory.newConnection(ConnectionFactory.java:1087)
	at org.springframework.amqp.rabbit.connection.AbstractConnectionFactory.connectAddresses(AbstractConnectionFactory.java:599)
	at org.springframework.amqp.rabbit.connection.AbstractConnectionFactory.connect(AbstractConnectionFactory.java:574)
	at org.springframework.amqp.rabbit.connection.AbstractConnectionFactory.createBareConnection(AbstractConnectionFactory.java:526)
	... 57 common frames omitted
2021-01-05 20:03:05.208 [main] ERROR o.s.a.r.listener.SimpleMessageListenerContainer -Consumer failed to start in 60000 milliseconds; does the task executor have enough threads to support the container concurrency?
2021-01-05 20:03:05.225 [main] INFO  com.example.boot.BootApplication -Started BootApplication in 84.407 seconds (JVM running for 84.747)
2021-01-05 20:03:13.260 [org.springframework.amqp.rabbit.RabbitListenerEndpointContainer#0-1] WARN  o.s.a.r.listener.SimpleMessageListenerContainer -Consumer raised exception, processing can restart if the connection factory supports it. Exception summary: org.springframework.amqp.AmqpConnectException: java.net.ConnectException: Connection timed out: connect
2021-01-05 20:03:13.261 [org.springframework.amqp.rabbit.RabbitListenerEndpointContainer#0-1] INFO  o.s.a.r.listener.SimpleMessageListenerContainer -Restarting Consumer@358ab600: tags=[[]], channel=null, acknowledgeMode=MANUAL local queue size=0
2021-01-05 20:03:13.262 [org.springframework.amqp.rabbit.RabbitListenerEndpointContainer#0-2] INFO  o.s.a.rabbit.connection.CachingConnectionFactory -Attempting to connect to: [192.168.22.100:5672]
2021-01-05 20:03:34.278 [http-nio-8080-exec-5] INFO  o.s.a.rabbit.connection.CachingConnectionFactory -Attempting to connect to: [192.168.22.100:5672]
2021-01-05 20:03:34.338 [http-nio-8080-exec-5] INFO  o.s.a.rabbit.connection.CachingConnectionFactory -Created new connection: rabbitConnectionFactory#1a28aef1:5/SimpleConnection@69e6e9d2 [delegate=amqp://admin@192.168.22.100:5672/, localPort= 50699]
2021-01-05 20:03:39.291 [org.springframework.amqp.rabbit.RabbitListenerEndpointContainer#0-2] WARN  o.s.a.r.listener.SimpleMessageListenerContainer -Consumer raised exception, processing can restart if the connection factory supports it. Exception summary: org.springframework.amqp.AmqpConnectException: java.net.ConnectException: Connection timed out: connect
2021-01-05 20:03:39.291 [org.springframework.amqp.rabbit.RabbitListenerEndpointContainer#0-2] INFO  o.s.a.r.listener.SimpleMessageListenerContainer -Restarting Consumer@3538bfd5: tags=[[]], channel=null, acknowledgeMode=MANUAL local queue size=0
2021-01-05 20:04:04.635 [main] INFO  com.example.boot.BootApplication -Starting BootApplication using Java 1.8.0_202 on DESKTOP-LP506VF with PID 14360 (D:\eclipse-workspace\boot\target\classes started by alive in D:\eclipse-workspace\boot)
2021-01-05 20:04:04.637 [main] INFO  com.example.boot.BootApplication -No active profile set, falling back to default profiles: default
2021-01-05 20:04:05.272 [main] WARN  org.mybatis.spring.mapper.ClassPathMapperScanner -No MyBatis mapper was found in '[com.example.boot]' package. Please check your configuration.
2021-01-05 20:04:05.903 [main] INFO  o.s.boot.web.embedded.tomcat.TomcatWebServer -Tomcat initialized with port(s): 8080 (http)
2021-01-05 20:04:05.911 [main] INFO  org.apache.catalina.core.StandardService -Starting service [Tomcat]
2021-01-05 20:04:05.912 [main] INFO  org.apache.catalina.core.StandardEngine -Starting Servlet engine: [Apache Tomcat/9.0.39]
2021-01-05 20:04:05.984 [main] INFO  o.a.c.core.ContainerBase.[Tomcat].[localhost].[/] -Initializing Spring embedded WebApplicationContext
2021-01-05 20:04:05.984 [main] INFO  o.s.b.w.s.c.ServletWebServerApplicationContext -Root WebApplicationContext: initialization completed in 1287 ms
2021-01-05 20:04:06.899 [main] INFO  o.s.scheduling.concurrent.ThreadPoolTaskExecutor -Initializing ExecutorService 'applicationTaskExecutor'
2021-01-05 20:04:07.030 [main] INFO  t.mybatis.mapper.autoconfigure.MapperCacheDisabler -Clear tk.mybatis.mapper.util.MsUtil CLASS_CACHE cache.
2021-01-05 20:04:07.031 [main] INFO  t.mybatis.mapper.autoconfigure.MapperCacheDisabler -Clear tk.mybatis.mapper.genid.GenIdUtil CACHE cache.
2021-01-05 20:04:07.031 [main] INFO  t.mybatis.mapper.autoconfigure.MapperCacheDisabler -Clear tk.mybatis.mapper.version.VersionUtil CACHE cache.
2021-01-05 20:04:07.031 [main] INFO  t.mybatis.mapper.autoconfigure.MapperCacheDisabler -Clear EntityHelper entityTableMap cache.
2021-01-05 20:04:07.210 [main] INFO  o.s.boot.web.embedded.tomcat.TomcatWebServer -Tomcat started on port(s): 8080 (http) with context path ''
2021-01-05 20:04:07.213 [main] INFO  o.s.a.rabbit.connection.CachingConnectionFactory -Attempting to connect to: [192.168.22.100:5672]
2021-01-05 20:04:07.270 [main] INFO  o.s.a.rabbit.connection.CachingConnectionFactory -Created new connection: rabbitConnectionFactory#c6a6c1d:0/SimpleConnection@22752544 [delegate=amqp://admin@192.168.22.100:5672/, localPort= 50710]
2021-01-05 20:04:07.328 [main] INFO  com.example.boot.BootApplication -Started BootApplication in 3.078 seconds (JVM running for 3.392)
2021-01-05 20:04:14.532 [http-nio-8080-exec-1] INFO  o.a.c.core.ContainerBase.[Tomcat].[localhost].[/] -Initializing Spring DispatcherServlet 'dispatcherServlet'
2021-01-05 20:04:14.532 [http-nio-8080-exec-1] INFO  org.springframework.web.servlet.DispatcherServlet -Initializing Servlet 'dispatcherServlet'
2021-01-05 20:04:14.533 [http-nio-8080-exec-1] INFO  org.springframework.web.servlet.DispatcherServlet -Completed initialization in 1 ms
2021-01-05 20:05:16.837 [main] INFO  com.example.boot.BootApplication -Starting BootApplication using Java 1.8.0_202 on DESKTOP-LP506VF with PID 2740 (D:\eclipse-workspace\boot\target\classes started by alive in D:\eclipse-workspace\boot)
2021-01-05 20:05:16.842 [main] INFO  com.example.boot.BootApplication -No active profile set, falling back to default profiles: default
2021-01-05 20:05:17.874 [main] WARN  org.mybatis.spring.mapper.ClassPathMapperScanner -No MyBatis mapper was found in '[com.example.boot]' package. Please check your configuration.
2021-01-05 20:05:18.824 [main] INFO  o.s.boot.web.embedded.tomcat.TomcatWebServer -Tomcat initialized with port(s): 8080 (http)
2021-01-05 20:05:18.841 [main] INFO  org.apache.catalina.core.StandardService -Starting service [Tomcat]
2021-01-05 20:05:18.842 [main] INFO  org.apache.catalina.core.StandardEngine -Starting Servlet engine: [Apache Tomcat/9.0.39]
2021-01-05 20:05:18.985 [main] INFO  o.a.c.core.ContainerBase.[Tomcat].[localhost].[/] -Initializing Spring embedded WebApplicationContext
2021-01-05 20:05:18.986 [main] INFO  o.s.b.w.s.c.ServletWebServerApplicationContext -Root WebApplicationContext: initialization completed in 2062 ms
2021-01-05 20:05:20.113 [main] INFO  o.s.scheduling.concurrent.ThreadPoolTaskExecutor -Initializing ExecutorService 'applicationTaskExecutor'
2021-01-05 20:05:20.298 [main] INFO  t.mybatis.mapper.autoconfigure.MapperCacheDisabler -Clear tk.mybatis.mapper.util.MsUtil CLASS_CACHE cache.
2021-01-05 20:05:20.299 [main] INFO  t.mybatis.mapper.autoconfigure.MapperCacheDisabler -Clear tk.mybatis.mapper.genid.GenIdUtil CACHE cache.
2021-01-05 20:05:20.300 [main] INFO  t.mybatis.mapper.autoconfigure.MapperCacheDisabler -Clear tk.mybatis.mapper.version.VersionUtil CACHE cache.
2021-01-05 20:05:20.300 [main] INFO  t.mybatis.mapper.autoconfigure.MapperCacheDisabler -Clear EntityHelper entityTableMap cache.
2021-01-05 20:05:20.513 [main] INFO  o.s.boot.web.embedded.tomcat.TomcatWebServer -Tomcat started on port(s): 8080 (http) with context path ''
2021-01-05 20:05:20.517 [main] INFO  o.s.a.rabbit.connection.CachingConnectionFactory -Attempting to connect to: [192.168.22.100:5672]
2021-01-05 20:05:20.598 [main] INFO  o.s.a.rabbit.connection.CachingConnectionFactory -Created new connection: rabbitConnectionFactory#d919544:0/SimpleConnection@2a99ca99 [delegate=amqp://admin@192.168.22.100:5672/, localPort= 50726]
2021-01-05 20:05:20.664 [main] INFO  com.example.boot.BootApplication -Started BootApplication in 4.416 seconds (JVM running for 5.057)
2021-01-05 20:05:25.686 [org.springframework.amqp.rabbit.RabbitListenerEndpointContainer#0-1] INFO  com.example.boot.listener.TestQueueListener -tag:1,message:(Body:'{"name":"name","pk":"8F3FB42D0A5F42E1B6111BC24E3293D6"}' MessageProperties [headers={}, contentType=text/plain, contentEncoding=UTF-8, contentLength=0, receivedDeliveryMode=PERSISTENT, priority=0, redelivered=true, receivedExchange=, receivedRoutingKey=test-queue, deliveryTag=1, consumerTag=amq.ctag-MCgUiaya92AcvadFNVvP-w, consumerQueue=test-queue])
2021-01-05 20:05:26.503 [org.springframework.amqp.rabbit.RabbitListenerEndpointContainer#0-1] INFO  com.example.boot.listener.TestQueueListener -tag:2,message:(Body:'{"name":"name","pk":"7E2A59CF489A49479A8FB0C7B6EA55BC"}' MessageProperties [headers={}, contentType=text/plain, contentEncoding=UTF-8, contentLength=0, receivedDeliveryMode=PERSISTENT, priority=0, redelivered=true, receivedExchange=, receivedRoutingKey=test-queue, deliveryTag=2, consumerTag=amq.ctag-MCgUiaya92AcvadFNVvP-w, consumerQueue=test-queue])
2021-01-05 20:05:27.262 [org.springframework.amqp.rabbit.RabbitListenerEndpointContainer#0-1] INFO  com.example.boot.listener.TestQueueListener -tag:3,message:(Body:'{"name":"name","pk":"2E202EB5D7EF4DB489AEA6A246943F5B"}' MessageProperties [headers={}, contentType=text/plain, contentEncoding=UTF-8, contentLength=0, receivedDeliveryMode=PERSISTENT, priority=0, redelivered=true, receivedExchange=, receivedRoutingKey=test-queue, deliveryTag=3, consumerTag=amq.ctag-MCgUiaya92AcvadFNVvP-w, consumerQueue=test-queue])
2021-01-05 20:05:28.003 [org.springframework.amqp.rabbit.RabbitListenerEndpointContainer#0-1] INFO  com.example.boot.listener.TestQueueListener -tag:4,message:(Body:'{"name":"name","pk":"FB5DBE0A6DD74F548EEA33047077F368"}' MessageProperties [headers={}, contentType=text/plain, contentEncoding=UTF-8, contentLength=0, receivedDeliveryMode=PERSISTENT, priority=0, redelivered=true, receivedExchange=, receivedRoutingKey=test-queue, deliveryTag=4, consumerTag=amq.ctag-MCgUiaya92AcvadFNVvP-w, consumerQueue=test-queue])
2021-01-05 20:05:28.643 [org.springframework.amqp.rabbit.RabbitListenerEndpointContainer#0-1] INFO  com.example.boot.listener.TestQueueListener -tag:5,message:(Body:'{"name":"name","pk":"CFB7401C938748B7BFABF40D4C00613B"}' MessageProperties [headers={}, contentType=text/plain, contentEncoding=UTF-8, contentLength=0, receivedDeliveryMode=PERSISTENT, priority=0, redelivered=true, receivedExchange=, receivedRoutingKey=test-queue, deliveryTag=5, consumerTag=amq.ctag-MCgUiaya92AcvadFNVvP-w, consumerQueue=test-queue])
2021-01-05 20:05:29.242 [org.springframework.amqp.rabbit.RabbitListenerEndpointContainer#0-1] INFO  com.example.boot.listener.TestQueueListener -tag:6,message:(Body:'{"name":"name","pk":"B9E8FDA7952A43638F8711F745E991A1"}' MessageProperties [headers={}, contentType=text/plain, contentEncoding=UTF-8, contentLength=0, receivedDeliveryMode=PERSISTENT, priority=0, redelivered=true, receivedExchange=, receivedRoutingKey=test-queue, deliveryTag=6, consumerTag=amq.ctag-MCgUiaya92AcvadFNVvP-w, consumerQueue=test-queue])
2021-01-05 20:05:29.825 [org.springframework.amqp.rabbit.RabbitListenerEndpointContainer#0-1] INFO  com.example.boot.listener.TestQueueListener -tag:7,message:(Body:'{"name":"name","pk":"D5FD31A7616C4E77BF93FB51F17A879E"}' MessageProperties [headers={}, contentType=text/plain, contentEncoding=UTF-8, contentLength=0, receivedDeliveryMode=PERSISTENT, priority=0, redelivered=true, receivedExchange=, receivedRoutingKey=test-queue, deliveryTag=7, consumerTag=amq.ctag-MCgUiaya92AcvadFNVvP-w, consumerQueue=test-queue])
2021-01-05 20:05:30.370 [org.springframework.amqp.rabbit.RabbitListenerEndpointContainer#0-1] INFO  com.example.boot.listener.TestQueueListener -tag:8,message:(Body:'{"name":"name","pk":"AF33737FB1504902AE918493576488D4"}' MessageProperties [headers={}, contentType=text/plain, contentEncoding=UTF-8, contentLength=0, receivedDeliveryMode=PERSISTENT, priority=0, redelivered=true, receivedExchange=, receivedRoutingKey=test-queue, deliveryTag=8, consumerTag=amq.ctag-MCgUiaya92AcvadFNVvP-w, consumerQueue=test-queue])
2021-01-05 20:05:30.782 [org.springframework.amqp.rabbit.RabbitListenerEndpointContainer#0-1] INFO  com.example.boot.listener.TestQueueListener -tag:9,message:(Body:'{"name":"name","pk":"E64030094B764C6CA46FF6FEF7A6F5DA"}' MessageProperties [headers={}, contentType=text/plain, contentEncoding=UTF-8, contentLength=0, receivedDeliveryMode=PERSISTENT, priority=0, redelivered=true, receivedExchange=, receivedRoutingKey=test-queue, deliveryTag=9, consumerTag=amq.ctag-MCgUiaya92AcvadFNVvP-w, consumerQueue=test-queue])
2021-01-05 20:05:52.036 [http-nio-8080-exec-1] INFO  o.a.c.core.ContainerBase.[Tomcat].[localhost].[/] -Initializing Spring DispatcherServlet 'dispatcherServlet'
2021-01-05 20:05:52.036 [http-nio-8080-exec-1] INFO  org.springframework.web.servlet.DispatcherServlet -Initializing Servlet 'dispatcherServlet'
2021-01-05 20:05:52.037 [http-nio-8080-exec-1] INFO  org.springframework.web.servlet.DispatcherServlet -Completed initialization in 1 ms
2021-01-05 20:05:56.177 [org.springframework.amqp.rabbit.RabbitListenerEndpointContainer#0-1] INFO  com.example.boot.listener.TestQueueListener -tag:10,message:(Body:'{"name":"name","pk":"EC9D5BA3F8BC45F3AE6DA2EFD9EB2F96"}' MessageProperties [headers={}, contentType=text/plain, contentEncoding=UTF-8, contentLength=0, receivedDeliveryMode=PERSISTENT, priority=0, redelivered=false, receivedExchange=, receivedRoutingKey=test-queue, deliveryTag=10, consumerTag=amq.ctag-MCgUiaya92AcvadFNVvP-w, consumerQueue=test-queue])
2021-01-05 20:09:09.968 [org.springframework.amqp.rabbit.RabbitListenerEndpointContainer#0-1] INFO  com.example.boot.listener.TestQueueListener -tag:11,message:(Body:'{"name":"name","pk":"6B486EAAB4AE4301AAFF5488F33FDC63"}' MessageProperties [headers={}, contentType=text/plain, contentEncoding=UTF-8, contentLength=0, receivedDeliveryMode=PERSISTENT, priority=0, redelivered=false, receivedExchange=, receivedRoutingKey=test-queue, deliveryTag=11, consumerTag=amq.ctag-MCgUiaya92AcvadFNVvP-w, consumerQueue=test-queue])
2021-01-05 20:11:05.654 [main] INFO  com.example.boot.BootApplication -Starting BootApplication using Java 1.8.0_202 on DESKTOP-LP506VF with PID 10700 (D:\eclipse-workspace\boot\target\classes started by alive in D:\eclipse-workspace\boot)
2021-01-05 20:11:05.659 [main] INFO  com.example.boot.BootApplication -No active profile set, falling back to default profiles: default
2021-01-05 20:11:06.633 [main] WARN  org.mybatis.spring.mapper.ClassPathMapperScanner -No MyBatis mapper was found in '[com.example.boot]' package. Please check your configuration.
2021-01-05 20:11:07.430 [main] INFO  o.s.boot.web.embedded.tomcat.TomcatWebServer -Tomcat initialized with port(s): 8080 (http)
2021-01-05 20:11:07.443 [main] INFO  org.apache.catalina.core.StandardService -Starting service [Tomcat]
2021-01-05 20:11:07.443 [main] INFO  org.apache.catalina.core.StandardEngine -Starting Servlet engine: [Apache Tomcat/9.0.39]
2021-01-05 20:11:07.539 [main] INFO  o.a.c.core.ContainerBase.[Tomcat].[localhost].[/] -Initializing Spring embedded WebApplicationContext
2021-01-05 20:11:07.539 [main] INFO  o.s.b.w.s.c.ServletWebServerApplicationContext -Root WebApplicationContext: initialization completed in 1798 ms
2021-01-05 20:11:07.623 [main] WARN  o.s.b.w.s.c.AnnotationConfigServletWebServerApplicationContext -Exception encountered during context initialization - cancelling refresh attempt: org.springframework.beans.factory.BeanCreationException: Error creating bean with name 'testQueueListener' defined in file [D:\eclipse-workspace\boot\target\classes\com\example\boot\listener\TestQueueListener.class]: Initialization of bean failed; nested exception is java.lang.IllegalArgumentException: No enum constant org.springframework.amqp.core.AcknowledgeMode.manual
2021-01-05 20:11:07.628 [main] INFO  org.apache.catalina.core.StandardService -Stopping service [Tomcat]
2021-01-05 20:11:07.649 [main] INFO  o.s.b.a.l.ConditionEvaluationReportLoggingListener -

Error starting ApplicationContext. To display the conditions report re-run your application with 'debug' enabled.
2021-01-05 20:11:07.675 [main] ERROR org.springframework.boot.SpringApplication -Application run failed
org.springframework.beans.factory.BeanCreationException: Error creating bean with name 'testQueueListener' defined in file [D:\eclipse-workspace\boot\target\classes\com\example\boot\listener\TestQueueListener.class]: Initialization of bean failed; nested exception is java.lang.IllegalArgumentException: No enum constant org.springframework.amqp.core.AcknowledgeMode.manual
	at org.springframework.beans.factory.support.AbstractAutowireCapableBeanFactory.doCreateBean(AbstractAutowireCapableBeanFactory.java:617)
	at org.springframework.beans.factory.support.AbstractAutowireCapableBeanFactory.createBean(AbstractAutowireCapableBeanFactory.java:531)
	at org.springframework.beans.factory.support.AbstractBeanFactory.lambda$doGetBean$0(AbstractBeanFactory.java:335)
	at org.springframework.beans.factory.support.DefaultSingletonBeanRegistry.getSingleton(DefaultSingletonBeanRegistry.java:234)
	at org.springframework.beans.factory.support.AbstractBeanFactory.doGetBean(AbstractBeanFactory.java:333)
	at org.springframework.beans.factory.support.AbstractBeanFactory.getBean(AbstractBeanFactory.java:208)
	at org.springframework.beans.factory.support.DefaultListableBeanFactory.preInstantiateSingletons(DefaultListableBeanFactory.java:944)
	at org.springframework.context.support.AbstractApplicationContext.finishBeanFactoryInitialization(AbstractApplicationContext.java:925)
	at org.springframework.context.support.AbstractApplicationContext.refresh(AbstractApplicationContext.java:588)
	at org.springframework.boot.web.servlet.context.ServletWebServerApplicationContext.refresh(ServletWebServerApplicationContext.java:144)
	at org.springframework.boot.SpringApplication.refresh(SpringApplication.java:767)
	at org.springframework.boot.SpringApplication.refresh(SpringApplication.java:759)
	at org.springframework.boot.SpringApplication.refreshContext(SpringApplication.java:426)
	at org.springframework.boot.SpringApplication.run(SpringApplication.java:326)
	at org.springframework.boot.SpringApplication.run(SpringApplication.java:1309)
	at org.springframework.boot.SpringApplication.run(SpringApplication.java:1298)
	at com.example.boot.BootApplication.main(BootApplication.java:15)
Caused by: java.lang.IllegalArgumentException: No enum constant org.springframework.amqp.core.AcknowledgeMode.manual
	at java.lang.Enum.valueOf(Unknown Source)
	at org.springframework.amqp.core.AcknowledgeMode.valueOf(AcknowledgeMode.java:26)
	at org.springframework.amqp.rabbit.annotation.RabbitListenerAnnotationBeanPostProcessor.resolveAckMode(RabbitListenerAnnotationBeanPostProcessor.java:473)
	at org.springframework.amqp.rabbit.annotation.RabbitListenerAnnotationBeanPostProcessor.processListener(RabbitListenerAnnotationBeanPostProcessor.java:458)
	at org.springframework.amqp.rabbit.annotation.RabbitListenerAnnotationBeanPostProcessor.processAmqpListener(RabbitListenerAnnotationBeanPostProcessor.java:372)
	at org.springframework.amqp.rabbit.annotation.RabbitListenerAnnotationBeanPostProcessor.postProcessAfterInitialization(RabbitListenerAnnotationBeanPostProcessor.java:302)
	at org.springframework.beans.factory.support.AbstractAutowireCapableBeanFactory.applyBeanPostProcessorsAfterInitialization(AbstractAutowireCapableBeanFactory.java:444)
	at org.springframework.beans.factory.support.AbstractAutowireCapableBeanFactory.initializeBean(AbstractAutowireCapableBeanFactory.java:1792)
	at org.springframework.beans.factory.support.AbstractAutowireCapableBeanFactory.doCreateBean(AbstractAutowireCapableBeanFactory.java:609)
	... 16 common frames omitted
2021-01-05 20:12:36.145 [main] INFO  com.example.boot.BootApplication -Starting BootApplication using Java 1.8.0_202 on DESKTOP-LP506VF with PID 12908 (D:\eclipse-workspace\boot\target\classes started by alive in D:\eclipse-workspace\boot)
2021-01-05 20:12:36.149 [main] INFO  com.example.boot.BootApplication -No active profile set, falling back to default profiles: default
2021-01-05 20:12:37.154 [main] WARN  org.mybatis.spring.mapper.ClassPathMapperScanner -No MyBatis mapper was found in '[com.example.boot]' package. Please check your configuration.
2021-01-05 20:12:37.909 [main] INFO  o.s.boot.web.embedded.tomcat.TomcatWebServer -Tomcat initialized with port(s): 8080 (http)
2021-01-05 20:12:37.919 [main] INFO  org.apache.catalina.core.StandardService -Starting service [Tomcat]
2021-01-05 20:12:37.919 [main] INFO  org.apache.catalina.core.StandardEngine -Starting Servlet engine: [Apache Tomcat/9.0.39]
2021-01-05 20:12:38.018 [main] INFO  o.a.c.core.ContainerBase.[Tomcat].[localhost].[/] -Initializing Spring embedded WebApplicationContext
2021-01-05 20:12:38.018 [main] INFO  o.s.b.w.s.c.ServletWebServerApplicationContext -Root WebApplicationContext: initialization completed in 1786 ms
2021-01-05 20:12:38.116 [main] WARN  o.s.b.w.s.c.AnnotationConfigServletWebServerApplicationContext -Exception encountered during context initialization - cancelling refresh attempt: org.springframework.beans.factory.BeanCreationException: Error creating bean with name 'testQueueListener' defined in file [D:\eclipse-workspace\boot\target\classes\com\example\boot\listener\TestQueueListener.class]: Initialization of bean failed; nested exception is java.lang.IllegalArgumentException: No enum constant org.springframework.amqp.core.AcknowledgeMode.manual
2021-01-05 20:12:38.120 [main] INFO  org.apache.catalina.core.StandardService -Stopping service [Tomcat]
2021-01-05 20:12:38.145 [main] INFO  o.s.b.a.l.ConditionEvaluationReportLoggingListener -

Error starting ApplicationContext. To display the conditions report re-run your application with 'debug' enabled.
2021-01-05 20:12:38.173 [main] ERROR org.springframework.boot.SpringApplication -Application run failed
org.springframework.beans.factory.BeanCreationException: Error creating bean with name 'testQueueListener' defined in file [D:\eclipse-workspace\boot\target\classes\com\example\boot\listener\TestQueueListener.class]: Initialization of bean failed; nested exception is java.lang.IllegalArgumentException: No enum constant org.springframework.amqp.core.AcknowledgeMode.manual
	at org.springframework.beans.factory.support.AbstractAutowireCapableBeanFactory.doCreateBean(AbstractAutowireCapableBeanFactory.java:617)
	at org.springframework.beans.factory.support.AbstractAutowireCapableBeanFactory.createBean(AbstractAutowireCapableBeanFactory.java:531)
	at org.springframework.beans.factory.support.AbstractBeanFactory.lambda$doGetBean$0(AbstractBeanFactory.java:335)
	at org.springframework.beans.factory.support.DefaultSingletonBeanRegistry.getSingleton(DefaultSingletonBeanRegistry.java:234)
	at org.springframework.beans.factory.support.AbstractBeanFactory.doGetBean(AbstractBeanFactory.java:333)
	at org.springframework.beans.factory.support.AbstractBeanFactory.getBean(AbstractBeanFactory.java:208)
	at org.springframework.beans.factory.support.DefaultListableBeanFactory.preInstantiateSingletons(DefaultListableBeanFactory.java:944)
	at org.springframework.context.support.AbstractApplicationContext.finishBeanFactoryInitialization(AbstractApplicationContext.java:925)
	at org.springframework.context.support.AbstractApplicationContext.refresh(AbstractApplicationContext.java:588)
	at org.springframework.boot.web.servlet.context.ServletWebServerApplicationContext.refresh(ServletWebServerApplicationContext.java:144)
	at org.springframework.boot.SpringApplication.refresh(SpringApplication.java:767)
	at org.springframework.boot.SpringApplication.refresh(SpringApplication.java:759)
	at org.springframework.boot.SpringApplication.refreshContext(SpringApplication.java:426)
	at org.springframework.boot.SpringApplication.run(SpringApplication.java:326)
	at org.springframework.boot.SpringApplication.run(SpringApplication.java:1309)
	at org.springframework.boot.SpringApplication.run(SpringApplication.java:1298)
	at com.example.boot.BootApplication.main(BootApplication.java:15)
Caused by: java.lang.IllegalArgumentException: No enum constant org.springframework.amqp.core.AcknowledgeMode.manual
	at java.lang.Enum.valueOf(Unknown Source)
	at org.springframework.amqp.core.AcknowledgeMode.valueOf(AcknowledgeMode.java:26)
	at org.springframework.amqp.rabbit.annotation.RabbitListenerAnnotationBeanPostProcessor.resolveAckMode(RabbitListenerAnnotationBeanPostProcessor.java:473)
	at org.springframework.amqp.rabbit.annotation.RabbitListenerAnnotationBeanPostProcessor.processListener(RabbitListenerAnnotationBeanPostProcessor.java:458)
	at org.springframework.amqp.rabbit.annotation.RabbitListenerAnnotationBeanPostProcessor.processAmqpListener(RabbitListenerAnnotationBeanPostProcessor.java:372)
	at org.springframework.amqp.rabbit.annotation.RabbitListenerAnnotationBeanPostProcessor.postProcessAfterInitialization(RabbitListenerAnnotationBeanPostProcessor.java:302)
	at org.springframework.beans.factory.support.AbstractAutowireCapableBeanFactory.applyBeanPostProcessorsAfterInitialization(AbstractAutowireCapableBeanFactory.java:444)
	at org.springframework.beans.factory.support.AbstractAutowireCapableBeanFactory.initializeBean(AbstractAutowireCapableBeanFactory.java:1792)
	at org.springframework.beans.factory.support.AbstractAutowireCapableBeanFactory.doCreateBean(AbstractAutowireCapableBeanFactory.java:609)
	... 16 common frames omitted
2021-01-05 20:12:58.939 [main] INFO  com.example.boot.BootApplication -Starting BootApplication using Java 1.8.0_202 on DESKTOP-LP506VF with PID 13108 (D:\eclipse-workspace\boot\target\classes started by alive in D:\eclipse-workspace\boot)
2021-01-05 20:12:58.943 [main] INFO  com.example.boot.BootApplication -No active profile set, falling back to default profiles: default
2021-01-05 20:12:59.894 [main] WARN  org.mybatis.spring.mapper.ClassPathMapperScanner -No MyBatis mapper was found in '[com.example.boot]' package. Please check your configuration.
2021-01-05 20:13:00.605 [main] INFO  o.s.boot.web.embedded.tomcat.TomcatWebServer -Tomcat initialized with port(s): 8080 (http)
2021-01-05 20:13:00.616 [main] INFO  org.apache.catalina.core.StandardService -Starting service [Tomcat]
2021-01-05 20:13:00.616 [main] INFO  org.apache.catalina.core.StandardEngine -Starting Servlet engine: [Apache Tomcat/9.0.39]
2021-01-05 20:13:00.708 [main] INFO  o.a.c.core.ContainerBase.[Tomcat].[localhost].[/] -Initializing Spring embedded WebApplicationContext
2021-01-05 20:13:00.708 [main] INFO  o.s.b.w.s.c.ServletWebServerApplicationContext -Root WebApplicationContext: initialization completed in 1683 ms
2021-01-05 20:13:01.755 [main] INFO  o.s.scheduling.concurrent.ThreadPoolTaskExecutor -Initializing ExecutorService 'applicationTaskExecutor'
2021-01-05 20:13:01.957 [main] INFO  t.mybatis.mapper.autoconfigure.MapperCacheDisabler -Clear tk.mybatis.mapper.util.MsUtil CLASS_CACHE cache.
2021-01-05 20:13:01.958 [main] INFO  t.mybatis.mapper.autoconfigure.MapperCacheDisabler -Clear tk.mybatis.mapper.genid.GenIdUtil CACHE cache.
2021-01-05 20:13:01.958 [main] INFO  t.mybatis.mapper.autoconfigure.MapperCacheDisabler -Clear tk.mybatis.mapper.version.VersionUtil CACHE cache.
2021-01-05 20:13:01.958 [main] INFO  t.mybatis.mapper.autoconfigure.MapperCacheDisabler -Clear EntityHelper entityTableMap cache.
2021-01-05 20:13:02.203 [main] INFO  o.s.boot.web.embedded.tomcat.TomcatWebServer -Tomcat started on port(s): 8080 (http) with context path ''
2021-01-05 20:13:02.207 [main] INFO  o.s.a.rabbit.connection.CachingConnectionFactory -Attempting to connect to: [192.168.22.100:5672]
2021-01-05 20:13:02.283 [main] INFO  o.s.a.rabbit.connection.CachingConnectionFactory -Created new connection: rabbitConnectionFactory#34be065a:0/SimpleConnection@15369d73 [delegate=amqp://admin@192.168.22.100:5672/, localPort= 50871]
2021-01-05 20:13:02.351 [main] INFO  com.example.boot.BootApplication -Started BootApplication in 3.979 seconds (JVM running for 4.495)
2021-01-05 20:13:07.869 [http-nio-8080-exec-1] INFO  o.a.c.core.ContainerBase.[Tomcat].[localhost].[/] -Initializing Spring DispatcherServlet 'dispatcherServlet'
2021-01-05 20:13:07.869 [http-nio-8080-exec-1] INFO  org.springframework.web.servlet.DispatcherServlet -Initializing Servlet 'dispatcherServlet'
2021-01-05 20:13:07.871 [http-nio-8080-exec-1] INFO  org.springframework.web.servlet.DispatcherServlet -Completed initialization in 2 ms
2021-01-05 20:13:08.038 [org.springframework.amqp.rabbit.RabbitListenerEndpointContainer#0-1] INFO  com.example.boot.listener.TestQueueListener -tag:1,message:(Body:'{"name":"name","pk":"FD0E20B8AB07437D846E7BCD1DB55EC0"}' MessageProperties [headers={}, contentType=text/plain, contentEncoding=UTF-8, contentLength=0, receivedDeliveryMode=PERSISTENT, priority=0, redelivered=false, receivedExchange=, receivedRoutingKey=test-queue, deliveryTag=1, consumerTag=amq.ctag-EDTczJfUO0Zrv1CzAcipVg, consumerQueue=test-queue])
2021-01-05 20:39:53.483 [main] INFO  com.example.boot.BootApplication -Starting BootApplication using Java 1.8.0_202 on DESKTOP-LP506VF with PID 9940 (D:\eclipse-workspace\boot\target\classes started by alive in D:\eclipse-workspace\boot)
2021-01-05 20:39:53.485 [main] INFO  com.example.boot.BootApplication -No active profile set, falling back to default profiles: default
2021-01-05 20:39:54.100 [main] WARN  org.mybatis.spring.mapper.ClassPathMapperScanner -No MyBatis mapper was found in '[com.example.boot]' package. Please check your configuration.
2021-01-05 20:39:54.700 [main] INFO  o.s.boot.web.embedded.tomcat.TomcatWebServer -Tomcat initialized with port(s): 8080 (http)
2021-01-05 20:39:54.708 [main] INFO  org.apache.catalina.core.StandardService -Starting service [Tomcat]
2021-01-05 20:39:54.708 [main] INFO  org.apache.catalina.core.StandardEngine -Starting Servlet engine: [Apache Tomcat/9.0.39]
2021-01-05 20:39:54.768 [main] INFO  o.a.c.core.ContainerBase.[Tomcat].[localhost].[/] -Initializing Spring embedded WebApplicationContext
2021-01-05 20:39:54.768 [main] INFO  o.s.b.w.s.c.ServletWebServerApplicationContext -Root WebApplicationContext: initialization completed in 1229 ms
2021-01-05 20:39:55.680 [main] INFO  o.s.scheduling.concurrent.ThreadPoolTaskExecutor -Initializing ExecutorService 'applicationTaskExecutor'
2021-01-05 20:39:55.830 [main] INFO  t.mybatis.mapper.autoconfigure.MapperCacheDisabler -Clear tk.mybatis.mapper.util.MsUtil CLASS_CACHE cache.
2021-01-05 20:39:55.831 [main] INFO  t.mybatis.mapper.autoconfigure.MapperCacheDisabler -Clear tk.mybatis.mapper.genid.GenIdUtil CACHE cache.
2021-01-05 20:39:55.831 [main] INFO  t.mybatis.mapper.autoconfigure.MapperCacheDisabler -Clear tk.mybatis.mapper.version.VersionUtil CACHE cache.
2021-01-05 20:39:55.831 [main] INFO  t.mybatis.mapper.autoconfigure.MapperCacheDisabler -Clear EntityHelper entityTableMap cache.
2021-01-05 20:39:56.016 [main] INFO  o.s.boot.web.embedded.tomcat.TomcatWebServer -Tomcat started on port(s): 8080 (http) with context path ''
2021-01-05 20:39:56.019 [main] INFO  o.s.a.rabbit.connection.CachingConnectionFactory -Attempting to connect to: [192.168.22.100:5672]
2021-01-05 20:39:56.077 [main] INFO  o.s.a.rabbit.connection.CachingConnectionFactory -Created new connection: rabbitConnectionFactory#191a709b:0/SimpleConnection@76332405 [delegate=amqp://admin@192.168.22.100:5672/, localPort= 52097]
2021-01-05 20:39:56.123 [main] INFO  com.example.boot.BootApplication -Started BootApplication in 3.024 seconds (JVM running for 3.336)
2021-01-05 20:40:04.247 [http-nio-8080-exec-1] INFO  o.a.c.core.ContainerBase.[Tomcat].[localhost].[/] -Initializing Spring DispatcherServlet 'dispatcherServlet'
2021-01-05 20:40:04.247 [http-nio-8080-exec-1] INFO  org.springframework.web.servlet.DispatcherServlet -Initializing Servlet 'dispatcherServlet'
2021-01-05 20:40:04.248 [http-nio-8080-exec-1] INFO  org.springframework.web.servlet.DispatcherServlet -Completed initialization in 1 ms
2021-01-05 20:40:04.270 [http-nio-8080-exec-1] ERROR c.example.boot.base.exception.ExceptionBaseHandler -未知异常
java.lang.IllegalStateException: Only one ConfirmCallback is supported by each RabbitTemplate
	at org.springframework.util.Assert.state(Assert.java:76)
	at org.springframework.amqp.rabbit.core.RabbitTemplate.setConfirmCallback(RabbitTemplate.java:457)
	at com.example.boot.web.MessageController.test(MessageController.java:34)
	at sun.reflect.NativeMethodAccessorImpl.invoke0(Native Method)
	at sun.reflect.NativeMethodAccessorImpl.invoke(Unknown Source)
	at sun.reflect.DelegatingMethodAccessorImpl.invoke(Unknown Source)
	at java.lang.reflect.Method.invoke(Unknown Source)
	at org.springframework.web.method.support.InvocableHandlerMethod.doInvoke(InvocableHandlerMethod.java:197)
	at org.springframework.web.method.support.InvocableHandlerMethod.invokeForRequest(InvocableHandlerMethod.java:141)
	at org.springframework.web.servlet.mvc.method.annotation.ServletInvocableHandlerMethod.invokeAndHandle(ServletInvocableHandlerMethod.java:106)
	at org.springframework.web.servlet.mvc.method.annotation.RequestMappingHandlerAdapter.invokeHandlerMethod(RequestMappingHandlerAdapter.java:893)
	at org.springframework.web.servlet.mvc.method.annotation.RequestMappingHandlerAdapter.handleInternal(RequestMappingHandlerAdapter.java:807)
	at org.springframework.web.servlet.mvc.method.AbstractHandlerMethodAdapter.handle(AbstractHandlerMethodAdapter.java:87)
	at org.springframework.web.servlet.DispatcherServlet.doDispatch(DispatcherServlet.java:1061)
	at org.springframework.web.servlet.DispatcherServlet.doService(DispatcherServlet.java:961)
	at org.springframework.web.servlet.FrameworkServlet.processRequest(FrameworkServlet.java:1006)
	at org.springframework.web.servlet.FrameworkServlet.doGet(FrameworkServlet.java:898)
	at javax.servlet.http.HttpServlet.service(HttpServlet.java:626)
	at org.springframework.web.servlet.FrameworkServlet.service(FrameworkServlet.java:883)
	at javax.servlet.http.HttpServlet.service(HttpServlet.java:733)
	at org.apache.catalina.core.ApplicationFilterChain.internalDoFilter(ApplicationFilterChain.java:231)
	at org.apache.catalina.core.ApplicationFilterChain.doFilter(ApplicationFilterChain.java:166)
	at org.apache.tomcat.websocket.server.WsFilter.doFilter(WsFilter.java:53)
	at org.apache.catalina.core.ApplicationFilterChain.internalDoFilter(ApplicationFilterChain.java:193)
	at org.apache.catalina.core.ApplicationFilterChain.doFilter(ApplicationFilterChain.java:166)
	at org.springframework.web.filter.RequestContextFilter.doFilterInternal(RequestContextFilter.java:100)
	at org.springframework.web.filter.OncePerRequestFilter.doFilter(OncePerRequestFilter.java:119)
	at org.apache.catalina.core.ApplicationFilterChain.internalDoFilter(ApplicationFilterChain.java:193)
	at org.apache.catalina.core.ApplicationFilterChain.doFilter(ApplicationFilterChain.java:166)
	at org.springframework.web.filter.FormContentFilter.doFilterInternal(FormContentFilter.java:93)
	at org.springframework.web.filter.OncePerRequestFilter.doFilter(OncePerRequestFilter.java:119)
	at org.apache.catalina.core.ApplicationFilterChain.internalDoFilter(ApplicationFilterChain.java:193)
	at org.apache.catalina.core.ApplicationFilterChain.doFilter(ApplicationFilterChain.java:166)
	at org.springframework.web.filter.CharacterEncodingFilter.doFilterInternal(CharacterEncodingFilter.java:201)
	at org.springframework.web.filter.OncePerRequestFilter.doFilter(OncePerRequestFilter.java:119)
	at org.apache.catalina.core.ApplicationFilterChain.internalDoFilter(ApplicationFilterChain.java:193)
	at org.apache.catalina.core.ApplicationFilterChain.doFilter(ApplicationFilterChain.java:166)
	at org.apache.catalina.core.StandardWrapperValve.invoke(StandardWrapperValve.java:202)
	at org.apache.catalina.core.StandardContextValve.invoke(StandardContextValve.java:97)
	at org.apache.catalina.authenticator.AuthenticatorBase.invoke(AuthenticatorBase.java:542)
	at org.apache.catalina.core.StandardHostValve.invoke(StandardHostValve.java:143)
	at org.apache.catalina.valves.ErrorReportValve.invoke(ErrorReportValve.java:92)
	at org.apache.catalina.core.StandardEngineValve.invoke(StandardEngineValve.java:78)
	at org.apache.catalina.connector.CoyoteAdapter.service(CoyoteAdapter.java:343)
	at org.apache.coyote.http11.Http11Processor.service(Http11Processor.java:374)
	at org.apache.coyote.AbstractProcessorLight.process(AbstractProcessorLight.java:65)
	at org.apache.coyote.AbstractProtocol$ConnectionHandler.process(AbstractProtocol.java:868)
	at org.apache.tomcat.util.net.NioEndpoint$SocketProcessor.doRun(NioEndpoint.java:1590)
	at org.apache.tomcat.util.net.SocketProcessorBase.run(SocketProcessorBase.java:49)
	at java.util.concurrent.ThreadPoolExecutor.runWorker(Unknown Source)
	at java.util.concurrent.ThreadPoolExecutor$Worker.run(Unknown Source)
	at org.apache.tomcat.util.threads.TaskThread$WrappingRunnable.run(TaskThread.java:61)
	at java.lang.Thread.run(Unknown Source)
2021-01-05 20:40:04.499 [http-nio-8080-exec-2] ERROR c.example.boot.base.exception.ExceptionBaseHandler -未知异常
java.lang.IllegalStateException: Only one ConfirmCallback is supported by each RabbitTemplate
	at org.springframework.util.Assert.state(Assert.java:76)
	at org.springframework.amqp.rabbit.core.RabbitTemplate.setConfirmCallback(RabbitTemplate.java:457)
	at com.example.boot.web.MessageController.test(MessageController.java:34)
	at sun.reflect.NativeMethodAccessorImpl.invoke0(Native Method)
	at sun.reflect.NativeMethodAccessorImpl.invoke(Unknown Source)
	at sun.reflect.DelegatingMethodAccessorImpl.invoke(Unknown Source)
	at java.lang.reflect.Method.invoke(Unknown Source)
	at org.springframework.web.method.support.InvocableHandlerMethod.doInvoke(InvocableHandlerMethod.java:197)
	at org.springframework.web.method.support.InvocableHandlerMethod.invokeForRequest(InvocableHandlerMethod.java:141)
	at org.springframework.web.servlet.mvc.method.annotation.ServletInvocableHandlerMethod.invokeAndHandle(ServletInvocableHandlerMethod.java:106)
	at org.springframework.web.servlet.mvc.method.annotation.RequestMappingHandlerAdapter.invokeHandlerMethod(RequestMappingHandlerAdapter.java:893)
	at org.springframework.web.servlet.mvc.method.annotation.RequestMappingHandlerAdapter.handleInternal(RequestMappingHandlerAdapter.java:807)
	at org.springframework.web.servlet.mvc.method.AbstractHandlerMethodAdapter.handle(AbstractHandlerMethodAdapter.java:87)
	at org.springframework.web.servlet.DispatcherServlet.doDispatch(DispatcherServlet.java:1061)
	at org.springframework.web.servlet.DispatcherServlet.doService(DispatcherServlet.java:961)
	at org.springframework.web.servlet.FrameworkServlet.processRequest(FrameworkServlet.java:1006)
	at org.springframework.web.servlet.FrameworkServlet.doGet(FrameworkServlet.java:898)
	at javax.servlet.http.HttpServlet.service(HttpServlet.java:626)
	at org.springframework.web.servlet.FrameworkServlet.service(FrameworkServlet.java:883)
	at javax.servlet.http.HttpServlet.service(HttpServlet.java:733)
	at org.apache.catalina.core.ApplicationFilterChain.internalDoFilter(ApplicationFilterChain.java:231)
	at org.apache.catalina.core.ApplicationFilterChain.doFilter(ApplicationFilterChain.java:166)
	at org.apache.tomcat.websocket.server.WsFilter.doFilter(WsFilter.java:53)
	at org.apache.catalina.core.ApplicationFilterChain.internalDoFilter(ApplicationFilterChain.java:193)
	at org.apache.catalina.core.ApplicationFilterChain.doFilter(ApplicationFilterChain.java:166)
	at org.springframework.web.filter.RequestContextFilter.doFilterInternal(RequestContextFilter.java:100)
	at org.springframework.web.filter.OncePerRequestFilter.doFilter(OncePerRequestFilter.java:119)
	at org.apache.catalina.core.ApplicationFilterChain.internalDoFilter(ApplicationFilterChain.java:193)
	at org.apache.catalina.core.ApplicationFilterChain.doFilter(ApplicationFilterChain.java:166)
	at org.springframework.web.filter.FormContentFilter.doFilterInternal(FormContentFilter.java:93)
	at org.springframework.web.filter.OncePerRequestFilter.doFilter(OncePerRequestFilter.java:119)
	at org.apache.catalina.core.ApplicationFilterChain.internalDoFilter(ApplicationFilterChain.java:193)
	at org.apache.catalina.core.ApplicationFilterChain.doFilter(ApplicationFilterChain.java:166)
	at org.springframework.web.filter.CharacterEncodingFilter.doFilterInternal(CharacterEncodingFilter.java:201)
	at org.springframework.web.filter.OncePerRequestFilter.doFilter(OncePerRequestFilter.java:119)
	at org.apache.catalina.core.ApplicationFilterChain.internalDoFilter(ApplicationFilterChain.java:193)
	at org.apache.catalina.core.ApplicationFilterChain.doFilter(ApplicationFilterChain.java:166)
	at org.apache.catalina.core.StandardWrapperValve.invoke(StandardWrapperValve.java:202)
	at org.apache.catalina.core.StandardContextValve.invoke(StandardContextValve.java:97)
	at org.apache.catalina.authenticator.AuthenticatorBase.invoke(AuthenticatorBase.java:542)
	at org.apache.catalina.core.StandardHostValve.invoke(StandardHostValve.java:143)
	at org.apache.catalina.valves.ErrorReportValve.invoke(ErrorReportValve.java:92)
	at org.apache.catalina.core.StandardEngineValve.invoke(StandardEngineValve.java:78)
	at org.apache.catalina.connector.CoyoteAdapter.service(CoyoteAdapter.java:343)
	at org.apache.coyote.http11.Http11Processor.service(Http11Processor.java:374)
	at org.apache.coyote.AbstractProcessorLight.process(AbstractProcessorLight.java:65)
	at org.apache.coyote.AbstractProtocol$ConnectionHandler.process(AbstractProtocol.java:868)
	at org.apache.tomcat.util.net.NioEndpoint$SocketProcessor.doRun(NioEndpoint.java:1590)
	at org.apache.tomcat.util.net.SocketProcessorBase.run(SocketProcessorBase.java:49)
	at java.util.concurrent.ThreadPoolExecutor.runWorker(Unknown Source)
	at java.util.concurrent.ThreadPoolExecutor$Worker.run(Unknown Source)
	at org.apache.tomcat.util.threads.TaskThread$WrappingRunnable.run(TaskThread.java:61)
	at java.lang.Thread.run(Unknown Source)
2021-01-05 20:40:09.662 [http-nio-8080-exec-3] ERROR c.example.boot.base.exception.ExceptionBaseHandler -未知异常
java.lang.IllegalStateException: Only one ConfirmCallback is supported by each RabbitTemplate
	at org.springframework.util.Assert.state(Assert.java:76)
	at org.springframework.amqp.rabbit.core.RabbitTemplate.setConfirmCallback(RabbitTemplate.java:457)
	at com.example.boot.web.MessageController.test(MessageController.java:34)
	at sun.reflect.NativeMethodAccessorImpl.invoke0(Native Method)
	at sun.reflect.NativeMethodAccessorImpl.invoke(Unknown Source)
	at sun.reflect.DelegatingMethodAccessorImpl.invoke(Unknown Source)
	at java.lang.reflect.Method.invoke(Unknown Source)
	at org.springframework.web.method.support.InvocableHandlerMethod.doInvoke(InvocableHandlerMethod.java:197)
	at org.springframework.web.method.support.InvocableHandlerMethod.invokeForRequest(InvocableHandlerMethod.java:141)
	at org.springframework.web.servlet.mvc.method.annotation.ServletInvocableHandlerMethod.invokeAndHandle(ServletInvocableHandlerMethod.java:106)
	at org.springframework.web.servlet.mvc.method.annotation.RequestMappingHandlerAdapter.invokeHandlerMethod(RequestMappingHandlerAdapter.java:893)
	at org.springframework.web.servlet.mvc.method.annotation.RequestMappingHandlerAdapter.handleInternal(RequestMappingHandlerAdapter.java:807)
	at org.springframework.web.servlet.mvc.method.AbstractHandlerMethodAdapter.handle(AbstractHandlerMethodAdapter.java:87)
	at org.springframework.web.servlet.DispatcherServlet.doDispatch(DispatcherServlet.java:1061)
	at org.springframework.web.servlet.DispatcherServlet.doService(DispatcherServlet.java:961)
	at org.springframework.web.servlet.FrameworkServlet.processRequest(FrameworkServlet.java:1006)
	at org.springframework.web.servlet.FrameworkServlet.doGet(FrameworkServlet.java:898)
	at javax.servlet.http.HttpServlet.service(HttpServlet.java:626)
	at org.springframework.web.servlet.FrameworkServlet.service(FrameworkServlet.java:883)
	at javax.servlet.http.HttpServlet.service(HttpServlet.java:733)
	at org.apache.catalina.core.ApplicationFilterChain.internalDoFilter(ApplicationFilterChain.java:231)
	at org.apache.catalina.core.ApplicationFilterChain.doFilter(ApplicationFilterChain.java:166)
	at org.apache.tomcat.websocket.server.WsFilter.doFilter(WsFilter.java:53)
	at org.apache.catalina.core.ApplicationFilterChain.internalDoFilter(ApplicationFilterChain.java:193)
	at org.apache.catalina.core.ApplicationFilterChain.doFilter(ApplicationFilterChain.java:166)
	at org.springframework.web.filter.RequestContextFilter.doFilterInternal(RequestContextFilter.java:100)
	at org.springframework.web.filter.OncePerRequestFilter.doFilter(OncePerRequestFilter.java:119)
	at org.apache.catalina.core.ApplicationFilterChain.internalDoFilter(ApplicationFilterChain.java:193)
	at org.apache.catalina.core.ApplicationFilterChain.doFilter(ApplicationFilterChain.java:166)
	at org.springframework.web.filter.FormContentFilter.doFilterInternal(FormContentFilter.java:93)
	at org.springframework.web.filter.OncePerRequestFilter.doFilter(OncePerRequestFilter.java:119)
	at org.apache.catalina.core.ApplicationFilterChain.internalDoFilter(ApplicationFilterChain.java:193)
	at org.apache.catalina.core.ApplicationFilterChain.doFilter(ApplicationFilterChain.java:166)
	at org.springframework.web.filter.CharacterEncodingFilter.doFilterInternal(CharacterEncodingFilter.java:201)
	at org.springframework.web.filter.OncePerRequestFilter.doFilter(OncePerRequestFilter.java:119)
	at org.apache.catalina.core.ApplicationFilterChain.internalDoFilter(ApplicationFilterChain.java:193)
	at org.apache.catalina.core.ApplicationFilterChain.doFilter(ApplicationFilterChain.java:166)
	at org.apache.catalina.core.StandardWrapperValve.invoke(StandardWrapperValve.java:202)
	at org.apache.catalina.core.StandardContextValve.invoke(StandardContextValve.java:97)
	at org.apache.catalina.authenticator.AuthenticatorBase.invoke(AuthenticatorBase.java:542)
	at org.apache.catalina.core.StandardHostValve.invoke(StandardHostValve.java:143)
	at org.apache.catalina.valves.ErrorReportValve.invoke(ErrorReportValve.java:92)
	at org.apache.catalina.core.StandardEngineValve.invoke(StandardEngineValve.java:78)
	at org.apache.catalina.connector.CoyoteAdapter.service(CoyoteAdapter.java:343)
	at org.apache.coyote.http11.Http11Processor.service(Http11Processor.java:374)
	at org.apache.coyote.AbstractProcessorLight.process(AbstractProcessorLight.java:65)
	at org.apache.coyote.AbstractProtocol$ConnectionHandler.process(AbstractProtocol.java:868)
	at org.apache.tomcat.util.net.NioEndpoint$SocketProcessor.doRun(NioEndpoint.java:1590)
	at org.apache.tomcat.util.net.SocketProcessorBase.run(SocketProcessorBase.java:49)
	at java.util.concurrent.ThreadPoolExecutor.runWorker(Unknown Source)
	at java.util.concurrent.ThreadPoolExecutor$Worker.run(Unknown Source)
	at org.apache.tomcat.util.threads.TaskThread$WrappingRunnable.run(TaskThread.java:61)
	at java.lang.Thread.run(Unknown Source)
2021-01-05 20:45:09.845 [main] INFO  com.example.boot.BootApplication -Starting BootApplication using Java 1.8.0_202 on DESKTOP-LP506VF with PID 10504 (D:\eclipse-workspace\boot\target\classes started by alive in D:\eclipse-workspace\boot)
2021-01-05 20:45:09.848 [main] INFO  com.example.boot.BootApplication -No active profile set, falling back to default profiles: default
2021-01-05 20:45:10.864 [main] WARN  org.mybatis.spring.mapper.ClassPathMapperScanner -No MyBatis mapper was found in '[com.example.boot]' package. Please check your configuration.
2021-01-05 20:45:11.592 [main] INFO  o.s.boot.web.embedded.tomcat.TomcatWebServer -Tomcat initialized with port(s): 8080 (http)
2021-01-05 20:45:11.605 [main] INFO  org.apache.catalina.core.StandardService -Starting service [Tomcat]
2021-01-05 20:45:11.606 [main] INFO  org.apache.catalina.core.StandardEngine -Starting Servlet engine: [Apache Tomcat/9.0.39]
2021-01-05 20:45:11.706 [main] INFO  o.a.c.core.ContainerBase.[Tomcat].[localhost].[/] -Initializing Spring embedded WebApplicationContext
2021-01-05 20:45:11.707 [main] INFO  o.s.b.w.s.c.ServletWebServerApplicationContext -Root WebApplicationContext: initialization completed in 1768 ms
2021-01-05 20:45:12.433 [main] WARN  o.s.b.w.s.c.AnnotationConfigServletWebServerApplicationContext -Exception encountered during context initialization - cancelling refresh attempt: org.springframework.beans.factory.BeanCreationException: Error creating bean with name 'rabbitMqService': Invocation of init method failed; nested exception is java.lang.IllegalStateException: Only one ConfirmCallback is supported by each RabbitTemplate
2021-01-05 20:45:12.451 [main] INFO  org.apache.catalina.core.StandardService -Stopping service [Tomcat]
2021-01-05 20:45:12.475 [main] INFO  o.s.b.a.l.ConditionEvaluationReportLoggingListener -

Error starting ApplicationContext. To display the conditions report re-run your application with 'debug' enabled.
2021-01-05 20:45:12.503 [main] ERROR org.springframework.boot.SpringApplication -Application run failed
org.springframework.beans.factory.BeanCreationException: Error creating bean with name 'rabbitMqService': Invocation of init method failed; nested exception is java.lang.IllegalStateException: Only one ConfirmCallback is supported by each RabbitTemplate
	at org.springframework.beans.factory.annotation.InitDestroyAnnotationBeanPostProcessor.postProcessBeforeInitialization(InitDestroyAnnotationBeanPostProcessor.java:160)
	at org.springframework.beans.factory.support.AbstractAutowireCapableBeanFactory.applyBeanPostProcessorsBeforeInitialization(AbstractAutowireCapableBeanFactory.java:429)
	at org.springframework.beans.factory.support.AbstractAutowireCapableBeanFactory.initializeBean(AbstractAutowireCapableBeanFactory.java:1780)
	at org.springframework.beans.factory.support.AbstractAutowireCapableBeanFactory.doCreateBean(AbstractAutowireCapableBeanFactory.java:609)
	at org.springframework.beans.factory.support.AbstractAutowireCapableBeanFactory.createBean(AbstractAutowireCapableBeanFactory.java:531)
	at org.springframework.beans.factory.support.AbstractBeanFactory.lambda$doGetBean$0(AbstractBeanFactory.java:335)
	at org.springframework.beans.factory.support.DefaultSingletonBeanRegistry.getSingleton(DefaultSingletonBeanRegistry.java:234)
	at org.springframework.beans.factory.support.AbstractBeanFactory.doGetBean(AbstractBeanFactory.java:333)
	at org.springframework.beans.factory.support.AbstractBeanFactory.getBean(AbstractBeanFactory.java:208)
	at org.springframework.beans.factory.support.DefaultListableBeanFactory.preInstantiateSingletons(DefaultListableBeanFactory.java:944)
	at org.springframework.context.support.AbstractApplicationContext.finishBeanFactoryInitialization(AbstractApplicationContext.java:925)
	at org.springframework.context.support.AbstractApplicationContext.refresh(AbstractApplicationContext.java:588)
	at org.springframework.boot.web.servlet.context.ServletWebServerApplicationContext.refresh(ServletWebServerApplicationContext.java:144)
	at org.springframework.boot.SpringApplication.refresh(SpringApplication.java:767)
	at org.springframework.boot.SpringApplication.refresh(SpringApplication.java:759)
	at org.springframework.boot.SpringApplication.refreshContext(SpringApplication.java:426)
	at org.springframework.boot.SpringApplication.run(SpringApplication.java:326)
	at org.springframework.boot.SpringApplication.run(SpringApplication.java:1309)
	at org.springframework.boot.SpringApplication.run(SpringApplication.java:1298)
	at com.example.boot.BootApplication.main(BootApplication.java:15)
Caused by: java.lang.IllegalStateException: Only one ConfirmCallback is supported by each RabbitTemplate
	at org.springframework.util.Assert.state(Assert.java:76)
	at org.springframework.amqp.rabbit.core.RabbitTemplate.setConfirmCallback(RabbitTemplate.java:457)
	at com.example.boot.service.RabbitMqService.initRabbitTemplate(RabbitMqService.java:20)
	at sun.reflect.NativeMethodAccessorImpl.invoke0(Native Method)
	at sun.reflect.NativeMethodAccessorImpl.invoke(Unknown Source)
	at sun.reflect.DelegatingMethodAccessorImpl.invoke(Unknown Source)
	at java.lang.reflect.Method.invoke(Unknown Source)
	at org.springframework.beans.factory.annotation.InitDestroyAnnotationBeanPostProcessor$LifecycleElement.invoke(InitDestroyAnnotationBeanPostProcessor.java:389)
	at org.springframework.beans.factory.annotation.InitDestroyAnnotationBeanPostProcessor$LifecycleMetadata.invokeInitMethods(InitDestroyAnnotationBeanPostProcessor.java:333)
	at org.springframework.beans.factory.annotation.InitDestroyAnnotationBeanPostProcessor.postProcessBeforeInitialization(InitDestroyAnnotationBeanPostProcessor.java:157)
	... 19 common frames omitted
2021-01-05 20:45:56.143 [main] INFO  com.example.boot.BootApplication -Starting BootApplication using Java 1.8.0_202 on DESKTOP-LP506VF with PID 7352 (D:\eclipse-workspace\boot\target\classes started by alive in D:\eclipse-workspace\boot)
2021-01-05 20:45:56.148 [main] INFO  com.example.boot.BootApplication -No active profile set, falling back to default profiles: default
2021-01-05 20:45:57.127 [main] WARN  org.mybatis.spring.mapper.ClassPathMapperScanner -No MyBatis mapper was found in '[com.example.boot]' package. Please check your configuration.
2021-01-05 20:45:57.851 [main] INFO  o.s.boot.web.embedded.tomcat.TomcatWebServer -Tomcat initialized with port(s): 8080 (http)
2021-01-05 20:45:57.860 [main] INFO  org.apache.catalina.core.StandardService -Starting service [Tomcat]
2021-01-05 20:45:57.861 [main] INFO  org.apache.catalina.core.StandardEngine -Starting Servlet engine: [Apache Tomcat/9.0.39]
2021-01-05 20:45:57.966 [main] INFO  o.a.c.core.ContainerBase.[Tomcat].[localhost].[/] -Initializing Spring embedded WebApplicationContext
2021-01-05 20:45:57.966 [main] INFO  o.s.b.w.s.c.ServletWebServerApplicationContext -Root WebApplicationContext: initialization completed in 1735 ms
2021-01-05 20:45:59.132 [main] INFO  o.s.scheduling.concurrent.ThreadPoolTaskExecutor -Initializing ExecutorService 'applicationTaskExecutor'
2021-01-05 20:45:59.327 [main] INFO  t.mybatis.mapper.autoconfigure.MapperCacheDisabler -Clear tk.mybatis.mapper.util.MsUtil CLASS_CACHE cache.
2021-01-05 20:45:59.328 [main] INFO  t.mybatis.mapper.autoconfigure.MapperCacheDisabler -Clear tk.mybatis.mapper.genid.GenIdUtil CACHE cache.
2021-01-05 20:45:59.330 [main] INFO  t.mybatis.mapper.autoconfigure.MapperCacheDisabler -Clear tk.mybatis.mapper.version.VersionUtil CACHE cache.
2021-01-05 20:45:59.330 [main] INFO  t.mybatis.mapper.autoconfigure.MapperCacheDisabler -Clear EntityHelper entityTableMap cache.
2021-01-05 20:45:59.569 [main] INFO  o.s.boot.web.embedded.tomcat.TomcatWebServer -Tomcat started on port(s): 8080 (http) with context path ''
2021-01-05 20:45:59.572 [main] INFO  o.s.a.rabbit.connection.CachingConnectionFactory -Attempting to connect to: [192.168.22.100:5672]
2021-01-05 20:45:59.645 [main] INFO  o.s.a.rabbit.connection.CachingConnectionFactory -Created new connection: rabbitConnectionFactory#5a13fcf3:0/SimpleConnection@3a109ff7 [delegate=amqp://admin@192.168.22.100:5672/, localPort= 52623]
2021-01-05 20:45:59.713 [main] INFO  com.example.boot.BootApplication -Started BootApplication in 4.163 seconds (JVM running for 4.672)
2021-01-05 20:46:03.540 [http-nio-8080-exec-2] INFO  o.a.c.core.ContainerBase.[Tomcat].[localhost].[/] -Initializing Spring DispatcherServlet 'dispatcherServlet'
2021-01-05 20:46:03.540 [http-nio-8080-exec-2] INFO  org.springframework.web.servlet.DispatcherServlet -Initializing Servlet 'dispatcherServlet'
2021-01-05 20:46:03.541 [http-nio-8080-exec-2] INFO  org.springframework.web.servlet.DispatcherServlet -Completed initialization in 1 ms
2021-01-05 20:46:03.727 [rabbitConnectionFactory1] WARN  o.springframework.amqp.rabbit.core.RabbitTemplate -Returned message but no callback available
2021-01-05 20:46:41.451 [main] INFO  com.example.boot.BootApplication -Starting BootApplication using Java 1.8.0_202 on DESKTOP-LP506VF with PID 15392 (D:\eclipse-workspace\boot\target\classes started by alive in D:\eclipse-workspace\boot)
2021-01-05 20:46:41.457 [main] INFO  com.example.boot.BootApplication -No active profile set, falling back to default profiles: default
2021-01-05 20:46:42.437 [main] WARN  org.mybatis.spring.mapper.ClassPathMapperScanner -No MyBatis mapper was found in '[com.example.boot]' package. Please check your configuration.
2021-01-05 20:46:43.178 [main] INFO  o.s.boot.web.embedded.tomcat.TomcatWebServer -Tomcat initialized with port(s): 8080 (http)
2021-01-05 20:46:43.192 [main] INFO  org.apache.catalina.core.StandardService -Starting service [Tomcat]
2021-01-05 20:46:43.192 [main] INFO  org.apache.catalina.core.StandardEngine -Starting Servlet engine: [Apache Tomcat/9.0.39]
2021-01-05 20:46:43.299 [main] INFO  o.a.c.core.ContainerBase.[Tomcat].[localhost].[/] -Initializing Spring embedded WebApplicationContext
2021-01-05 20:46:43.300 [main] INFO  o.s.b.w.s.c.ServletWebServerApplicationContext -Root WebApplicationContext: initialization completed in 1755 ms
2021-01-05 20:46:44.408 [main] INFO  o.s.scheduling.concurrent.ThreadPoolTaskExecutor -Initializing ExecutorService 'applicationTaskExecutor'
2021-01-05 20:46:44.610 [main] INFO  t.mybatis.mapper.autoconfigure.MapperCacheDisabler -Clear tk.mybatis.mapper.util.MsUtil CLASS_CACHE cache.
2021-01-05 20:46:44.611 [main] INFO  t.mybatis.mapper.autoconfigure.MapperCacheDisabler -Clear tk.mybatis.mapper.genid.GenIdUtil CACHE cache.
2021-01-05 20:46:44.612 [main] INFO  t.mybatis.mapper.autoconfigure.MapperCacheDisabler -Clear tk.mybatis.mapper.version.VersionUtil CACHE cache.
2021-01-05 20:46:44.613 [main] INFO  t.mybatis.mapper.autoconfigure.MapperCacheDisabler -Clear EntityHelper entityTableMap cache.
2021-01-05 20:46:44.852 [main] INFO  o.s.boot.web.embedded.tomcat.TomcatWebServer -Tomcat started on port(s): 8080 (http) with context path ''
2021-01-05 20:46:44.856 [main] INFO  o.s.a.rabbit.connection.CachingConnectionFactory -Attempting to connect to: [192.168.22.100:5672]
2021-01-05 20:46:44.942 [main] INFO  o.s.a.rabbit.connection.CachingConnectionFactory -Created new connection: rabbitConnectionFactory#23ed382c:0/SimpleConnection@7d25913 [delegate=amqp://admin@192.168.22.100:5672/, localPort= 52662]
2021-01-05 20:46:45.014 [main] INFO  com.example.boot.BootApplication -Started BootApplication in 4.178 seconds (JVM running for 4.795)
2021-01-05 20:46:49.881 [http-nio-8080-exec-1] INFO  o.a.c.core.ContainerBase.[Tomcat].[localhost].[/] -Initializing Spring DispatcherServlet 'dispatcherServlet'
2021-01-05 20:46:49.881 [http-nio-8080-exec-1] INFO  org.springframework.web.servlet.DispatcherServlet -Initializing Servlet 'dispatcherServlet'
2021-01-05 20:46:49.883 [http-nio-8080-exec-1] INFO  org.springframework.web.servlet.DispatcherServlet -Completed initialization in 1 ms
2021-01-05 20:46:50.072 [rabbitConnectionFactory1] WARN  o.springframework.amqp.rabbit.core.RabbitTemplate -Returned message but no callback available
2021-01-05 20:48:28.361 [rabbitConnectionFactory2] WARN  o.springframework.amqp.rabbit.core.RabbitTemplate -Returned message but no callback available
2021-01-05 20:48:45.026 [main] INFO  com.example.boot.BootApplication -Starting BootApplication using Java 1.8.0_202 on DESKTOP-LP506VF with PID 9192 (D:\eclipse-workspace\boot\target\classes started by alive in D:\eclipse-workspace\boot)
2021-01-05 20:48:45.029 [main] INFO  com.example.boot.BootApplication -No active profile set, falling back to default profiles: default
2021-01-05 20:48:45.989 [main] WARN  org.mybatis.spring.mapper.ClassPathMapperScanner -No MyBatis mapper was found in '[com.example.boot]' package. Please check your configuration.
2021-01-05 20:48:46.758 [main] INFO  o.s.boot.web.embedded.tomcat.TomcatWebServer -Tomcat initialized with port(s): 8080 (http)
2021-01-05 20:48:46.771 [main] INFO  org.apache.catalina.core.StandardService -Starting service [Tomcat]
2021-01-05 20:48:46.771 [main] INFO  org.apache.catalina.core.StandardEngine -Starting Servlet engine: [Apache Tomcat/9.0.39]
2021-01-05 20:48:46.890 [main] INFO  o.a.c.core.ContainerBase.[Tomcat].[localhost].[/] -Initializing Spring embedded WebApplicationContext
2021-01-05 20:48:46.890 [main] INFO  o.s.b.w.s.c.ServletWebServerApplicationContext -Root WebApplicationContext: initialization completed in 1774 ms
2021-01-05 20:48:48.169 [main] INFO  o.s.scheduling.concurrent.ThreadPoolTaskExecutor -Initializing ExecutorService 'applicationTaskExecutor'
2021-01-05 20:48:48.369 [main] INFO  t.mybatis.mapper.autoconfigure.MapperCacheDisabler -Clear tk.mybatis.mapper.util.MsUtil CLASS_CACHE cache.
2021-01-05 20:48:48.370 [main] INFO  t.mybatis.mapper.autoconfigure.MapperCacheDisabler -Clear tk.mybatis.mapper.genid.GenIdUtil CACHE cache.
2021-01-05 20:48:48.371 [main] INFO  t.mybatis.mapper.autoconfigure.MapperCacheDisabler -Clear tk.mybatis.mapper.version.VersionUtil CACHE cache.
2021-01-05 20:48:48.371 [main] INFO  t.mybatis.mapper.autoconfigure.MapperCacheDisabler -Clear EntityHelper entityTableMap cache.
2021-01-05 20:48:48.652 [main] INFO  o.s.boot.web.embedded.tomcat.TomcatWebServer -Tomcat started on port(s): 8080 (http) with context path ''
2021-01-05 20:48:48.658 [main] INFO  o.s.a.rabbit.connection.CachingConnectionFactory -Attempting to connect to: [192.168.22.100:5672]
2021-01-05 20:48:48.764 [main] INFO  o.s.a.rabbit.connection.CachingConnectionFactory -Created new connection: rabbitConnectionFactory#77db3d02:0/SimpleConnection@103c97ff [delegate=amqp://admin@192.168.22.100:5672/, localPort= 52822]
2021-01-05 20:48:48.835 [main] INFO  com.example.boot.BootApplication -Started BootApplication in 4.444 seconds (JVM running for 4.968)
2021-01-05 20:48:53.497 [http-nio-8080-exec-1] INFO  o.a.c.core.ContainerBase.[Tomcat].[localhost].[/] -Initializing Spring DispatcherServlet 'dispatcherServlet'
2021-01-05 20:48:53.497 [http-nio-8080-exec-1] INFO  org.springframework.web.servlet.DispatcherServlet -Initializing Servlet 'dispatcherServlet'
2021-01-05 20:48:53.498 [http-nio-8080-exec-1] INFO  org.springframework.web.servlet.DispatcherServlet -Completed initialization in 1 ms
2021-01-05 20:50:37.398 [main] INFO  com.example.boot.BootApplication -Starting BootApplication using Java 1.8.0_202 on DESKTOP-LP506VF with PID 16128 (D:\eclipse-workspace\boot\target\classes started by alive in D:\eclipse-workspace\boot)
2021-01-05 20:50:37.404 [main] INFO  com.example.boot.BootApplication -No active profile set, falling back to default profiles: default
2021-01-05 20:50:38.496 [main] WARN  org.mybatis.spring.mapper.ClassPathMapperScanner -No MyBatis mapper was found in '[com.example.boot]' package. Please check your configuration.
2021-01-05 20:50:39.329 [main] INFO  o.s.boot.web.embedded.tomcat.TomcatWebServer -Tomcat initialized with port(s): 8080 (http)
2021-01-05 20:50:39.341 [main] INFO  org.apache.catalina.core.StandardService -Starting service [Tomcat]
2021-01-05 20:50:39.341 [main] INFO  org.apache.catalina.core.StandardEngine -Starting Servlet engine: [Apache Tomcat/9.0.39]
2021-01-05 20:50:39.456 [main] INFO  o.a.c.core.ContainerBase.[Tomcat].[localhost].[/] -Initializing Spring embedded WebApplicationContext
2021-01-05 20:50:39.457 [main] INFO  o.s.b.w.s.c.ServletWebServerApplicationContext -Root WebApplicationContext: initialization completed in 1956 ms
2021-01-05 20:50:40.838 [main] INFO  o.s.scheduling.concurrent.ThreadPoolTaskExecutor -Initializing ExecutorService 'applicationTaskExecutor'
2021-01-05 20:50:41.048 [main] INFO  t.mybatis.mapper.autoconfigure.MapperCacheDisabler -Clear tk.mybatis.mapper.util.MsUtil CLASS_CACHE cache.
2021-01-05 20:50:41.050 [main] INFO  t.mybatis.mapper.autoconfigure.MapperCacheDisabler -Clear tk.mybatis.mapper.genid.GenIdUtil CACHE cache.
2021-01-05 20:50:41.052 [main] INFO  t.mybatis.mapper.autoconfigure.MapperCacheDisabler -Clear tk.mybatis.mapper.version.VersionUtil CACHE cache.
2021-01-05 20:50:41.052 [main] INFO  t.mybatis.mapper.autoconfigure.MapperCacheDisabler -Clear EntityHelper entityTableMap cache.
2021-01-05 20:50:41.289 [main] INFO  o.s.boot.web.embedded.tomcat.TomcatWebServer -Tomcat started on port(s): 8080 (http) with context path ''
2021-01-05 20:50:41.295 [main] INFO  o.s.a.rabbit.connection.CachingConnectionFactory -Attempting to connect to: [192.168.22.100:5672]
2021-01-05 20:50:41.493 [http-nio-8080-exec-2] INFO  o.a.c.core.ContainerBase.[Tomcat].[localhost].[/] -Initializing Spring DispatcherServlet 'dispatcherServlet'
2021-01-05 20:50:41.494 [http-nio-8080-exec-2] INFO  org.springframework.web.servlet.DispatcherServlet -Initializing Servlet 'dispatcherServlet'
2021-01-05 20:50:41.496 [http-nio-8080-exec-2] INFO  org.springframework.web.servlet.DispatcherServlet -Completed initialization in 2 ms
2021-01-05 20:50:41.498 [main] INFO  o.s.a.rabbit.connection.CachingConnectionFactory -Created new connection: rabbitConnectionFactory#23ed382c:0/SimpleConnection@7d25913 [delegate=amqp://admin@192.168.22.100:5672/, localPort= 53004]
2021-01-05 20:50:41.633 [main] INFO  com.example.boot.BootApplication -Started BootApplication in 5.039 seconds (JVM running for 5.552)
2021-01-05 20:51:59.503 [org.springframework.amqp.rabbit.RabbitListenerEndpointContainer#0-1] INFO  com.example.boot.listener.TestQueueListener -tag:1,message:(Body:'{"name":"name","pk":"234D4184E6B04501825C2CD34CA51DDD"}' MessageProperties [headers={}, contentType=text/plain, contentEncoding=UTF-8, contentLength=0, receivedDeliveryMode=PERSISTENT, priority=0, redelivered=false, receivedExchange=, receivedRoutingKey=test-queue, deliveryTag=1, consumerTag=amq.ctag-43H0PeeuDQgAAJ_OkKgZfA, consumerQueue=test-queue])
2021-01-05 20:52:19.311 [org.springframework.amqp.rabbit.RabbitListenerEndpointContainer#0-1] INFO  com.example.boot.listener.TestQueueListener -tag:2,message:(Body:'{"name":"name","pk":"3DD1500DF06942B787164090D4B9778D"}' MessageProperties [headers={}, contentType=text/plain, contentEncoding=UTF-8, contentLength=0, receivedDeliveryMode=PERSISTENT, priority=0, redelivered=false, receivedExchange=, receivedRoutingKey=test-queue, deliveryTag=2, consumerTag=amq.ctag-43H0PeeuDQgAAJ_OkKgZfA, consumerQueue=test-queue])
2021-01-05 20:54:01.156 [main] INFO  com.example.boot.BootApplication -Starting BootApplication using Java 1.8.0_202 on DESKTOP-LP506VF with PID 17348 (D:\eclipse-workspace\boot\target\classes started by alive in D:\eclipse-workspace\boot)
2021-01-05 20:54:01.161 [main] INFO  com.example.boot.BootApplication -No active profile set, falling back to default profiles: default
2021-01-05 20:54:02.127 [main] WARN  org.mybatis.spring.mapper.ClassPathMapperScanner -No MyBatis mapper was found in '[com.example.boot]' package. Please check your configuration.
2021-01-05 20:54:02.910 [main] INFO  o.s.boot.web.embedded.tomcat.TomcatWebServer -Tomcat initialized with port(s): 8080 (http)
2021-01-05 20:54:02.927 [main] INFO  org.apache.catalina.core.StandardService -Starting service [Tomcat]
2021-01-05 20:54:02.927 [main] INFO  org.apache.catalina.core.StandardEngine -Starting Servlet engine: [Apache Tomcat/9.0.39]
2021-01-05 20:54:03.037 [main] INFO  o.a.c.core.ContainerBase.[Tomcat].[localhost].[/] -Initializing Spring embedded WebApplicationContext
2021-01-05 20:54:03.038 [main] INFO  o.s.b.w.s.c.ServletWebServerApplicationContext -Root WebApplicationContext: initialization completed in 1782 ms
2021-01-05 20:54:04.225 [main] INFO  o.s.scheduling.concurrent.ThreadPoolTaskExecutor -Initializing ExecutorService 'applicationTaskExecutor'
2021-01-05 20:54:04.411 [main] INFO  t.mybatis.mapper.autoconfigure.MapperCacheDisabler -Clear tk.mybatis.mapper.util.MsUtil CLASS_CACHE cache.
2021-01-05 20:54:04.412 [main] INFO  t.mybatis.mapper.autoconfigure.MapperCacheDisabler -Clear tk.mybatis.mapper.genid.GenIdUtil CACHE cache.
2021-01-05 20:54:04.413 [main] INFO  t.mybatis.mapper.autoconfigure.MapperCacheDisabler -Clear tk.mybatis.mapper.version.VersionUtil CACHE cache.
2021-01-05 20:54:04.413 [main] INFO  t.mybatis.mapper.autoconfigure.MapperCacheDisabler -Clear EntityHelper entityTableMap cache.
2021-01-05 20:54:04.633 [main] INFO  o.s.boot.web.embedded.tomcat.TomcatWebServer -Tomcat started on port(s): 8080 (http) with context path ''
2021-01-05 20:54:04.637 [main] INFO  o.s.a.rabbit.connection.CachingConnectionFactory -Attempting to connect to: [192.168.22.100:5672]
2021-01-05 20:54:04.724 [main] INFO  o.s.a.rabbit.connection.CachingConnectionFactory -Created new connection: rabbitConnectionFactory#39c85c1a:0/SimpleConnection@5b0902b4 [delegate=amqp://admin@192.168.22.100:5672/, localPort= 53340]
2021-01-05 20:54:04.798 [main] INFO  com.example.boot.BootApplication -Started BootApplication in 4.23 seconds (JVM running for 4.815)
2021-01-05 20:54:10.318 [http-nio-8080-exec-1] INFO  o.a.c.core.ContainerBase.[Tomcat].[localhost].[/] -Initializing Spring DispatcherServlet 'dispatcherServlet'
2021-01-05 20:54:10.318 [http-nio-8080-exec-1] INFO  org.springframework.web.servlet.DispatcherServlet -Initializing Servlet 'dispatcherServlet'
2021-01-05 20:54:10.319 [http-nio-8080-exec-1] INFO  org.springframework.web.servlet.DispatcherServlet -Completed initialization in 1 ms
2021-01-05 20:54:13.530 [org.springframework.amqp.rabbit.RabbitListenerEndpointContainer#0-1] INFO  com.example.boot.listener.TestQueueListener -tag:1,message:(Body:'{"name":"name","pk":"BD27E1E55B75460286F2A272EC1F3147"}' MessageProperties [headers={}, contentType=text/plain, contentEncoding=UTF-8, contentLength=0, receivedDeliveryMode=PERSISTENT, priority=0, redelivered=false, receivedExchange=, receivedRoutingKey=test-queue, deliveryTag=1, consumerTag=amq.ctag-l3c1G3QMuc2wPaIZNmEWMA, consumerQueue=test-queue])
2021-01-05 20:55:44.820 [main] INFO  com.example.boot.BootApplication -Starting BootApplication using Java 1.8.0_202 on DESKTOP-LP506VF with PID 9460 (D:\eclipse-workspace\boot\target\classes started by alive in D:\eclipse-workspace\boot)
2021-01-05 20:55:44.825 [main] INFO  com.example.boot.BootApplication -No active profile set, falling back to default profiles: default
2021-01-05 20:55:45.862 [main] WARN  org.mybatis.spring.mapper.ClassPathMapperScanner -No MyBatis mapper was found in '[com.example.boot]' package. Please check your configuration.
2021-01-05 20:55:46.735 [main] INFO  o.s.boot.web.embedded.tomcat.TomcatWebServer -Tomcat initialized with port(s): 8080 (http)
2021-01-05 20:55:46.749 [main] INFO  org.apache.catalina.core.StandardService -Starting service [Tomcat]
2021-01-05 20:55:46.749 [main] INFO  org.apache.catalina.core.StandardEngine -Starting Servlet engine: [Apache Tomcat/9.0.39]
2021-01-05 20:55:46.855 [main] INFO  o.a.c.core.ContainerBase.[Tomcat].[localhost].[/] -Initializing Spring embedded WebApplicationContext
2021-01-05 20:55:46.855 [main] INFO  o.s.b.w.s.c.ServletWebServerApplicationContext -Root WebApplicationContext: initialization completed in 1946 ms
2021-01-05 20:55:48.104 [main] INFO  o.s.scheduling.concurrent.ThreadPoolTaskExecutor -Initializing ExecutorService 'applicationTaskExecutor'
2021-01-05 20:55:48.296 [main] INFO  t.mybatis.mapper.autoconfigure.MapperCacheDisabler -Clear tk.mybatis.mapper.util.MsUtil CLASS_CACHE cache.
2021-01-05 20:55:48.297 [main] INFO  t.mybatis.mapper.autoconfigure.MapperCacheDisabler -Clear tk.mybatis.mapper.genid.GenIdUtil CACHE cache.
2021-01-05 20:55:48.298 [main] INFO  t.mybatis.mapper.autoconfigure.MapperCacheDisabler -Clear tk.mybatis.mapper.version.VersionUtil CACHE cache.
2021-01-05 20:55:48.298 [main] INFO  t.mybatis.mapper.autoconfigure.MapperCacheDisabler -Clear EntityHelper entityTableMap cache.
2021-01-05 20:55:48.529 [main] INFO  o.s.boot.web.embedded.tomcat.TomcatWebServer -Tomcat started on port(s): 8080 (http) with context path ''
2021-01-05 20:55:48.534 [main] INFO  o.s.a.rabbit.connection.CachingConnectionFactory -Attempting to connect to: [192.168.22.100:5672]
2021-01-05 20:55:48.638 [main] INFO  o.s.a.rabbit.connection.CachingConnectionFactory -Created new connection: rabbitConnectionFactory#1b9d9a2b:0/SimpleConnection@34009349 [delegate=amqp://admin@192.168.22.100:5672/, localPort= 53452]
2021-01-05 20:55:48.729 [main] INFO  com.example.boot.BootApplication -Started BootApplication in 4.61 seconds (JVM running for 5.211)
2021-01-05 20:55:52.063 [http-nio-8080-exec-2] INFO  o.a.c.core.ContainerBase.[Tomcat].[localhost].[/] -Initializing Spring DispatcherServlet 'dispatcherServlet'
2021-01-05 20:55:52.063 [http-nio-8080-exec-2] INFO  org.springframework.web.servlet.DispatcherServlet -Initializing Servlet 'dispatcherServlet'
2021-01-05 20:55:52.064 [http-nio-8080-exec-2] INFO  org.springframework.web.servlet.DispatcherServlet -Completed initialization in 1 ms
2021-01-05 20:55:52.265 [org.springframework.amqp.rabbit.RabbitListenerEndpointContainer#0-1] INFO  com.example.boot.listener.TestQueueListener -message:(Body:'{"name":"name","pk":"ADB1D80ACC1B4749AAD95DE2D160E6C3"}' MessageProperties [headers={}, contentType=text/plain, contentEncoding=UTF-8, contentLength=0, receivedDeliveryMode=PERSISTENT, priority=0, redelivered=false, receivedExchange=, receivedRoutingKey=test-queue, deliveryTag=1, consumerTag=amq.ctag-72CQlQFyopfXMAOUafw_jQ, consumerQueue=test-queue])
